2026-06-29 12:44:54,886 - INFO - Connecting to 149.154.167.51:443/TcpFull...
2026-06-29 12:44:57,330 - INFO - Connection to 149.154.167.51:443/TcpFull complete!
2026-06-29 12:45:23,229 - ERROR - Task was destroyed but it is pending!
task: <Task pending name='Task-2' coro=<Connection._send_loop() running at C:\Users\Soret\medical-telegram-warehouse\venv\Lib\site-packages\telethon\network\connection\connection.py:322> wait_for=<Future pending cb=[Task.task_wakeup()]>>
2026-06-29 12:45:23,230 - ERROR - Task was destroyed but it is pending!
task: <Task pending name='Task-3' coro=<Connection._recv_loop() running at C:\Users\Soret\medical-telegram-warehouse\venv\Lib\site-packages\telethon\network\connection\connection.py:341> wait_for=<Future pending cb=[Task.task_wakeup()]>>
2026-06-29 12:45:23,231 - ERROR - Task was destroyed but it is pending!
task: <Task pending name='Task-4' coro=<MTProtoSender._send_loop() running at C:\Users\Soret\medical-telegram-warehouse\venv\Lib\site-packages\telethon\network\mtprotosender.py:495> wait_for=<Future finished result=None>>
2026-06-29 12:45:23,231 - ERROR - Task was destroyed but it is pending!
task: <Task pending name='Task-5' coro=<MTProtoSender._recv_loop() running at C:\Users\Soret\medical-telegram-warehouse\venv\Lib\site-packages\telethon\network\mtprotosender.py:513> wait_for=<Future pending cb=[Task.task_wakeup()]>>
2026-06-29 12:45:23,231 - ERROR - Task was destroyed but it is pending!
task: <Task pending name='Task-6' coro=<UpdateMethods._update_loop() running at C:\Users\Soret\medical-telegram-warehouse\venv\Lib\site-packages\telethon\client\updates.py:485> wait_for=<Future pending cb=[Task.task_wakeup()]>>
2026-06-29 12:45:23,231 - ERROR - Task was destroyed but it is pending!
task: <Task pending name='Task-7' coro=<UpdateMethods._keepalive_loop() running at C:\Users\Soret\medical-telegram-warehouse\venv\Lib\site-packages\telethon\client\updates.py:521> wait_for=<Future pending cb=[shield.<locals>._outer_done_callback() at C:\Program Files\Python314\Lib\asyncio\tasks.py:991, Task.task_wakeup()]>>
2026-06-29 12:45:23,231 - ERROR - Unexpected exception in the send loop
Traceback (most recent call last):
  File "C:\Program Files\Python314\Lib\asyncio\queues.py", line 186, in get
GeneratorExit

During handling of the above exception, another exception occurred:

Traceback (most recent call last):
  File "C:\Users\Soret\medical-telegram-warehouse\venv\Lib\site-packages\telethon\network\connection\connection.py", line 322, in _send_loop
  File "C:\Program Files\Python314\Lib\asyncio\queues.py", line 188, in get
  File "C:\Program Files\Python314\Lib\asyncio\base_events.py", line 827, in call_soon
    self._check_closed()
  File "C:\Program Files\Python314\Lib\asyncio\base_events.py", line 550, in _check_closed
    raise RuntimeError('Event loop is closed')
RuntimeError: Event loop is closed
2026-06-29 12:45:23,269 - ERROR - Unhandled error while receiving data
Traceback (most recent call last):
  File "C:\Program Files\Python314\Lib\asyncio\queues.py", line 186, in get
GeneratorExit

During handling of the above exception, another exception occurred:

Traceback (most recent call last):
  File "C:\Users\Soret\medical-telegram-warehouse\venv\Lib\site-packages\telethon\network\mtprotosender.py", line 513, in _recv_loop
  File "C:\Users\Soret\medical-telegram-warehouse\venv\Lib\site-packages\telethon\network\connection\connection.py", line 308, in recv
  File "C:\Program Files\Python314\Lib\asyncio\queues.py", line 188, in get
  File "C:\Program Files\Python314\Lib\asyncio\base_events.py", line 827, in call_soon
    self._check_closed()
  File "C:\Program Files\Python314\Lib\asyncio\base_events.py", line 550, in _check_closed
    raise RuntimeError('Event loop is closed')
RuntimeError: Event loop is closed
2026-06-29 12:45:23,282 - ERROR - Fatal error handling updates (this is a bug in Telethon v1.44.0, please report it)
Traceback (most recent call last):
  File "C:\Program Files\Python314\Lib\asyncio\queues.py", line 186, in get
GeneratorExit

During handling of the above exception, another exception occurred:

Traceback (most recent call last):
  File "C:\Users\Soret\medical-telegram-warehouse\venv\Lib\site-packages\telethon\client\updates.py", line 485, in _update_loop
  File "C:\Program Files\Python314\Lib\asyncio\tasks.py", line 488, in wait_for
  File "C:\Program Files\Python314\Lib\asyncio\queues.py", line 188, in get
  File "C:\Program Files\Python314\Lib\asyncio\base_events.py", line 827, in call_soon
    self._check_closed()
  File "C:\Program Files\Python314\Lib\asyncio\base_events.py", line 550, in _check_closed
    raise RuntimeError('Event loop is closed')
RuntimeError: Event loop is closed
2026-06-29 12:45:30,682 - INFO - Connecting to 149.154.167.51:443/TcpFull...
2026-06-29 12:45:30,805 - INFO - Connection to 149.154.167.51:443/TcpFull complete!
2026-06-29 12:45:41,854 - ERROR - Task was destroyed but it is pending!
task: <Task pending name='Task-2' coro=<Connection._send_loop() running at C:\Users\Soret\medical-telegram-warehouse\venv\Lib\site-packages\telethon\network\connection\connection.py:322> wait_for=<Future pending cb=[Task.task_wakeup()]>>
2026-06-29 12:45:41,855 - ERROR - Task was destroyed but it is pending!
task: <Task pending name='Task-3' coro=<Connection._recv_loop() running at C:\Users\Soret\medical-telegram-warehouse\venv\Lib\site-packages\telethon\network\connection\connection.py:341> wait_for=<Future pending cb=[Task.task_wakeup()]>>
2026-06-29 12:45:41,855 - ERROR - Task was destroyed but it is pending!
task: <Task pending name='Task-4' coro=<MTProtoSender._send_loop() running at C:\Users\Soret\medical-telegram-warehouse\venv\Lib\site-packages\telethon\network\mtprotosender.py:495> wait_for=<Future finished result=None>>
2026-06-29 12:45:41,855 - ERROR - Task was destroyed but it is pending!
task: <Task pending name='Task-5' coro=<MTProtoSender._recv_loop() running at C:\Users\Soret\medical-telegram-warehouse\venv\Lib\site-packages\telethon\network\mtprotosender.py:513> wait_for=<Future pending cb=[Task.task_wakeup()]>>
2026-06-29 12:45:41,855 - ERROR - Task was destroyed but it is pending!
task: <Task pending name='Task-6' coro=<UpdateMethods._update_loop() running at C:\Users\Soret\medical-telegram-warehouse\venv\Lib\site-packages\telethon\client\updates.py:485> wait_for=<Future pending cb=[Task.task_wakeup()]>>
2026-06-29 12:45:41,856 - ERROR - Task was destroyed but it is pending!
task: <Task pending name='Task-7' coro=<UpdateMethods._keepalive_loop() running at C:\Users\Soret\medical-telegram-warehouse\venv\Lib\site-packages\telethon\client\updates.py:521> wait_for=<Future pending cb=[shield.<locals>._outer_done_callback() at C:\Program Files\Python314\Lib\asyncio\tasks.py:991, Task.task_wakeup()]>>
2026-06-29 12:45:41,856 - ERROR - Unexpected exception in the send loop
Traceback (most recent call last):
  File "C:\Program Files\Python314\Lib\asyncio\queues.py", line 186, in get
GeneratorExit

During handling of the above exception, another exception occurred:

Traceback (most recent call last):
  File "C:\Users\Soret\medical-telegram-warehouse\venv\Lib\site-packages\telethon\network\connection\connection.py", line 322, in _send_loop
  File "C:\Program Files\Python314\Lib\asyncio\queues.py", line 188, in get
  File "C:\Program Files\Python314\Lib\asyncio\base_events.py", line 827, in call_soon
    self._check_closed()
  File "C:\Program Files\Python314\Lib\asyncio\base_events.py", line 550, in _check_closed
    raise RuntimeError('Event loop is closed')
RuntimeError: Event loop is closed
2026-06-29 12:45:41,857 - ERROR - Unhandled error while receiving data
Traceback (most recent call last):
  File "C:\Program Files\Python314\Lib\asyncio\queues.py", line 186, in get
GeneratorExit

During handling of the above exception, another exception occurred:

Traceback (most recent call last):
  File "C:\Users\Soret\medical-telegram-warehouse\venv\Lib\site-packages\telethon\network\mtprotosender.py", line 513, in _recv_loop
  File "C:\Users\Soret\medical-telegram-warehouse\venv\Lib\site-packages\telethon\network\connection\connection.py", line 308, in recv
  File "C:\Program Files\Python314\Lib\asyncio\queues.py", line 188, in get
  File "C:\Program Files\Python314\Lib\asyncio\base_events.py", line 827, in call_soon
    self._check_closed()
  File "C:\Program Files\Python314\Lib\asyncio\base_events.py", line 550, in _check_closed
    raise RuntimeError('Event loop is closed')
RuntimeError: Event loop is closed
2026-06-29 12:45:41,859 - ERROR - Fatal error handling updates (this is a bug in Telethon v1.44.0, please report it)
Traceback (most recent call last):
  File "C:\Program Files\Python314\Lib\asyncio\queues.py", line 186, in get
GeneratorExit

During handling of the above exception, another exception occurred:

Traceback (most recent call last):
  File "C:\Users\Soret\medical-telegram-warehouse\venv\Lib\site-packages\telethon\client\updates.py", line 485, in _update_loop
  File "C:\Program Files\Python314\Lib\asyncio\tasks.py", line 488, in wait_for
  File "C:\Program Files\Python314\Lib\asyncio\queues.py", line 188, in get
  File "C:\Program Files\Python314\Lib\asyncio\base_events.py", line 827, in call_soon
    self._check_closed()
  File "C:\Program Files\Python314\Lib\asyncio\base_events.py", line 550, in _check_closed
    raise RuntimeError('Event loop is closed')
RuntimeError: Event loop is closed
2026-06-29 13:13:10,143 - INFO - Connecting to 149.154.167.51:443/TcpFull...
2026-06-29 13:13:10,278 - INFO - Connection to 149.154.167.51:443/TcpFull complete!
2026-06-29 13:13:19,323 - INFO - Phone migrated to 4
2026-06-29 13:13:19,468 - INFO - Reconnecting to new data center 4
2026-06-29 13:13:19,796 - INFO - Disconnecting from 149.154.167.51:443/TcpFull...
2026-06-29 13:13:19,798 - INFO - Disconnection from 149.154.167.51:443/TcpFull complete!
2026-06-29 13:13:19,799 - INFO - Connecting to 149.154.167.92:443/TcpFull...
2026-06-29 13:13:21,832 - INFO - Connection to 149.154.167.92:443/TcpFull complete!
2026-06-29 13:13:44,327 - INFO - Started scraping lobelia4cosmetics
2026-06-29 13:13:45,497 - INFO - Starting direct file download in chunks of 131072 at 0, stride 131072
2026-06-29 13:13:48,484 - INFO - Starting direct file download in chunks of 131072 at 0, stride 131072
2026-06-29 13:13:51,110 - INFO - Starting direct file download in chunks of 131072 at 0, stride 131072
2026-06-29 13:13:54,778 - INFO - Starting direct file download in chunks of 131072 at 0, stride 131072
2026-06-29 13:13:57,843 - INFO - Starting direct file download in chunks of 131072 at 0, stride 131072
2026-06-29 13:14:18,798 - INFO - Starting direct file download in chunks of 131072 at 0, stride 131072
2026-06-29 13:14:22,471 - INFO - Starting direct file download in chunks of 131072 at 0, stride 131072
2026-06-29 13:14:25,724 - INFO - Starting direct file download in chunks of 131072 at 0, stride 131072
2026-06-29 13:14:29,363 - INFO - Starting direct file download in chunks of 131072 at 0, stride 131072
2026-06-29 13:14:31,294 - INFO - Starting direct file download in chunks of 131072 at 0, stride 131072
2026-06-29 13:14:32,336 - INFO - Starting direct file download in chunks of 131072 at 0, stride 131072
2026-06-29 13:14:34,976 - INFO - Starting direct file download in chunks of 131072 at 0, stride 131072
2026-06-29 13:14:36,659 - INFO - Starting direct file download in chunks of 131072 at 0, stride 131072
2026-06-29 13:14:41,020 - INFO - Starting direct file download in chunks of 131072 at 0, stride 131072
2026-06-29 13:14:46,741 - INFO - Starting direct file download in chunks of 131072 at 0, stride 131072
2026-06-29 13:14:59,074 - INFO - Starting direct file download in chunks of 131072 at 0, stride 131072
2026-06-29 13:15:01,405 - INFO - Starting direct file download in chunks of 131072 at 0, stride 131072
2026-06-29 13:15:14,875 - INFO - Starting direct file download in chunks of 131072 at 0, stride 131072
2026-06-29 13:15:22,736 - INFO - Starting direct file download in chunks of 131072 at 0, stride 131072
2026-06-29 13:15:26,795 - INFO - Starting direct file download in chunks of 131072 at 0, stride 131072
2026-06-29 13:15:29,250 - INFO - Starting direct file download in chunks of 131072 at 0, stride 131072
2026-06-29 13:15:30,903 - INFO - Starting direct file download in chunks of 131072 at 0, stride 131072
2026-06-29 13:15:34,726 - INFO - Starting direct file download in chunks of 131072 at 0, stride 131072
2026-06-29 13:15:35,849 - INFO - Starting direct file download in chunks of 131072 at 0, stride 131072
2026-06-29 13:15:38,716 - INFO - Starting direct file download in chunks of 131072 at 0, stride 131072
2026-06-29 13:15:41,523 - INFO - Starting direct file download in chunks of 131072 at 0, stride 131072
2026-06-29 13:15:42,597 - INFO - Starting direct file download in chunks of 131072 at 0, stride 131072
2026-06-29 13:15:43,834 - INFO - Starting direct file download in chunks of 131072 at 0, stride 131072
2026-06-29 13:15:45,608 - INFO - Starting direct file download in chunks of 131072 at 0, stride 131072
2026-06-29 13:16:09,353 - INFO - Starting direct file download in chunks of 131072 at 0, stride 131072
2026-06-29 13:16:11,811 - INFO - Starting direct file download in chunks of 131072 at 0, stride 131072
2026-06-29 13:16:16,212 - INFO - Starting direct file download in chunks of 131072 at 0, stride 131072
2026-06-29 13:16:17,745 - INFO - Starting direct file download in chunks of 131072 at 0, stride 131072
2026-06-29 13:16:21,706 - INFO - Starting direct file download in chunks of 131072 at 0, stride 131072
2026-06-29 13:16:22,966 - INFO - Starting direct file download in chunks of 131072 at 0, stride 131072
2026-06-29 13:16:25,048 - INFO - Starting direct file download in chunks of 131072 at 0, stride 131072
2026-06-29 13:16:27,090 - INFO - Starting direct file download in chunks of 131072 at 0, stride 131072
2026-06-29 13:16:28,896 - INFO - Starting direct file download in chunks of 131072 at 0, stride 131072
2026-06-29 13:16:29,379 - INFO - Starting direct file download in chunks of 131072 at 0, stride 131072
2026-06-29 13:16:31,631 - INFO - Starting direct file download in chunks of 131072 at 0, stride 131072
2026-06-29 13:16:33,532 - INFO - Starting direct file download in chunks of 131072 at 0, stride 131072
2026-06-29 13:16:34,641 - INFO - Starting direct file download in chunks of 131072 at 0, stride 131072
2026-06-29 13:16:35,415 - INFO - Starting direct file download in chunks of 131072 at 0, stride 131072
2026-06-29 13:16:37,658 - INFO - Starting direct file download in chunks of 131072 at 0, stride 131072
2026-06-29 13:16:40,538 - INFO - Starting direct file download in chunks of 131072 at 0, stride 131072
2026-06-29 13:16:42,186 - INFO - Starting direct file download in chunks of 131072 at 0, stride 131072
2026-06-29 13:16:42,975 - INFO - Starting direct file download in chunks of 131072 at 0, stride 131072
2026-06-29 13:16:45,573 - INFO - Starting direct file download in chunks of 131072 at 0, stride 131072
2026-06-29 13:17:39,508 - INFO - Starting direct file download in chunks of 131072 at 0, stride 131072
2026-06-29 13:17:45,328 - INFO - Starting direct file download in chunks of 131072 at 0, stride 131072
2026-06-29 13:17:51,757 - INFO - Starting direct file download in chunks of 131072 at 0, stride 131072
2026-06-29 13:17:58,814 - INFO - Starting direct file download in chunks of 131072 at 0, stride 131072
2026-06-29 13:18:03,361 - INFO - Starting direct file download in chunks of 131072 at 0, stride 131072
2026-06-29 13:18:09,450 - INFO - Starting direct file download in chunks of 131072 at 0, stride 131072
2026-06-29 13:18:17,413 - INFO - Starting direct file download in chunks of 131072 at 0, stride 131072
2026-06-29 13:18:22,897 - INFO - Starting direct file download in chunks of 131072 at 0, stride 131072
2026-06-29 13:18:30,010 - INFO - Starting direct file download in chunks of 131072 at 0, stride 131072
2026-06-29 13:18:39,145 - INFO - Starting direct file download in chunks of 131072 at 0, stride 131072
2026-06-29 13:18:45,708 - INFO - Starting direct file download in chunks of 131072 at 0, stride 131072
2026-06-29 13:18:46,414 - INFO - Starting direct file download in chunks of 131072 at 0, stride 131072
2026-06-29 13:18:53,699 - INFO - Starting direct file download in chunks of 131072 at 0, stride 131072
2026-06-29 13:19:03,627 - INFO - Starting direct file download in chunks of 131072 at 0, stride 131072
2026-06-29 13:19:05,037 - INFO - Starting direct file download in chunks of 131072 at 0, stride 131072
2026-06-29 13:19:20,790 - INFO - Starting direct file download in chunks of 131072 at 0, stride 131072
2026-06-29 13:19:26,126 - INFO - Starting direct file download in chunks of 131072 at 0, stride 131072
2026-06-29 13:19:29,342 - INFO - Starting direct file download in chunks of 131072 at 0, stride 131072
2026-06-29 13:19:32,030 - INFO - Starting direct file download in chunks of 131072 at 0, stride 131072
2026-06-29 13:19:34,770 - INFO - Starting direct file download in chunks of 131072 at 0, stride 131072
2026-06-29 13:19:37,282 - INFO - Starting direct file download in chunks of 131072 at 0, stride 131072
2026-06-29 13:19:39,478 - INFO - Starting direct file download in chunks of 131072 at 0, stride 131072
2026-06-29 13:20:03,777 - INFO - Starting direct file download in chunks of 131072 at 0, stride 131072
2026-06-29 13:20:06,796 - INFO - Starting direct file download in chunks of 131072 at 0, stride 131072
2026-06-29 13:20:09,336 - INFO - Starting direct file download in chunks of 131072 at 0, stride 131072
2026-06-29 13:20:11,593 - INFO - Starting direct file download in chunks of 131072 at 0, stride 131072
2026-06-29 13:20:14,681 - INFO - Starting direct file download in chunks of 131072 at 0, stride 131072
2026-06-29 13:20:17,981 - INFO - Starting direct file download in chunks of 131072 at 0, stride 131072
2026-06-29 13:20:20,718 - INFO - Starting direct file download in chunks of 131072 at 0, stride 131072
2026-06-29 13:20:23,465 - INFO - Starting direct file download in chunks of 131072 at 0, stride 131072
2026-06-29 13:20:26,798 - INFO - Starting direct file download in chunks of 131072 at 0, stride 131072
2026-06-29 13:20:28,644 - INFO - Starting direct file download in chunks of 131072 at 0, stride 131072
2026-06-29 13:20:30,681 - INFO - Starting direct file download in chunks of 131072 at 0, stride 131072
2026-06-29 13:20:33,932 - INFO - Starting direct file download in chunks of 131072 at 0, stride 131072
2026-06-29 13:20:40,165 - INFO - Starting direct file download in chunks of 131072 at 0, stride 131072
2026-06-29 13:20:42,663 - INFO - Starting direct file download in chunks of 131072 at 0, stride 131072
2026-06-29 13:20:46,309 - INFO - Starting direct file download in chunks of 131072 at 0, stride 131072
2026-06-29 13:20:50,222 - INFO - Starting direct file download in chunks of 131072 at 0, stride 131072
2026-06-29 13:21:07,309 - INFO - Starting direct file download in chunks of 131072 at 0, stride 131072
2026-06-29 13:21:09,380 - INFO - Starting direct file download in chunks of 131072 at 0, stride 131072
2026-06-29 13:21:11,672 - INFO - Starting direct file download in chunks of 131072 at 0, stride 131072
2026-06-29 13:21:14,946 - INFO - Starting direct file download in chunks of 131072 at 0, stride 131072
2026-06-29 13:21:18,574 - INFO - Starting direct file download in chunks of 131072 at 0, stride 131072
2026-06-29 13:21:24,075 - INFO - Starting direct file download in chunks of 131072 at 0, stride 131072
2026-06-29 13:21:28,154 - INFO - Starting direct file download in chunks of 131072 at 0, stride 131072
2026-06-29 13:21:32,515 - INFO - Starting direct file download in chunks of 131072 at 0, stride 131072
2026-06-29 13:21:35,342 - INFO - Starting direct file download in chunks of 131072 at 0, stride 131072
2026-06-29 13:21:35,832 - INFO - Starting direct file download in chunks of 131072 at 0, stride 131072
2026-06-29 13:21:39,386 - INFO - Starting direct file download in chunks of 131072 at 0, stride 131072
2026-06-29 13:21:44,809 - INFO - Starting direct file download in chunks of 131072 at 0, stride 131072
2026-06-29 13:21:54,872 - INFO - Starting direct file download in chunks of 131072 at 0, stride 131072
2026-06-29 13:21:55,335 - INFO - Connecting to 149.154.167.92:443/TcpFull...
2026-06-29 13:21:55,482 - INFO - Connection to 149.154.167.92:443/TcpFull complete!
2026-06-29 13:21:56,903 - INFO - Started scraping lobelia4cosmetics
2026-06-29 13:21:57,514 - INFO - Starting direct file download in chunks of 131072 at 0, stride 131072
2026-06-29 13:21:57,783 - INFO - Starting direct file download in chunks of 131072 at 0, stride 131072
2026-06-29 13:21:59,247 - INFO - Starting direct file download in chunks of 131072 at 0, stride 131072
2026-06-29 13:22:00,217 - INFO - Starting direct file download in chunks of 131072 at 0, stride 131072
2026-06-29 13:22:01,801 - INFO - Starting direct file download in chunks of 131072 at 0, stride 131072
2026-06-29 13:22:12,677 - INFO - Starting direct file download in chunks of 131072 at 0, stride 131072
2026-06-29 13:22:17,093 - INFO - Disconnecting from 149.154.167.92:443/TcpFull...
2026-06-29 13:22:17,095 - INFO - Disconnection from 149.154.167.92:443/TcpFull complete!
2026-06-29 13:22:42,977 - INFO - Starting direct file download in chunks of 131072 at 0, stride 131072
2026-06-29 13:22:46,682 - INFO - Starting direct file download in chunks of 131072 at 0, stride 131072
2026-06-29 13:22:51,423 - INFO - Starting direct file download in chunks of 131072 at 0, stride 131072
2026-06-29 13:22:59,135 - INFO - Starting direct file download in chunks of 131072 at 0, stride 131072
2026-06-29 13:23:02,461 - INFO - Starting direct file download in chunks of 131072 at 0, stride 131072
2026-06-29 13:23:05,871 - INFO - Starting direct file download in chunks of 131072 at 0, stride 131072
2026-06-29 13:23:13,752 - INFO - Starting direct file download in chunks of 131072 at 0, stride 131072
2026-06-29 13:23:33,631 - INFO - Starting direct file download in chunks of 131072 at 0, stride 131072
2026-06-29 13:23:42,910 - INFO - Starting direct file download in chunks of 131072 at 0, stride 131072
2026-06-29 13:23:52,577 - INFO - Starting direct file download in chunks of 131072 at 0, stride 131072
2026-06-29 13:23:57,025 - INFO - Starting direct file download in chunks of 131072 at 0, stride 131072
2026-06-29 13:23:58,125 - INFO - Starting direct file download in chunks of 131072 at 0, stride 131072
2026-06-29 13:24:02,070 - INFO - Starting direct file download in chunks of 131072 at 0, stride 131072
2026-06-29 13:24:06,622 - INFO - Starting direct file download in chunks of 131072 at 0, stride 131072
2026-06-29 13:24:09,580 - INFO - Starting direct file download in chunks of 131072 at 0, stride 131072
2026-06-29 13:24:11,573 - INFO - Starting direct file download in chunks of 131072 at 0, stride 131072
2026-06-29 13:24:12,554 - INFO - Starting direct file download in chunks of 131072 at 0, stride 131072
2026-06-29 13:24:17,743 - INFO - Starting direct file download in chunks of 131072 at 0, stride 131072
2026-06-29 13:24:18,429 - INFO - Starting direct file download in chunks of 131072 at 0, stride 131072
2026-06-29 13:24:20,500 - INFO - Starting direct file download in chunks of 131072 at 0, stride 131072
2026-06-29 13:24:23,258 - INFO - Starting direct file download in chunks of 131072 at 0, stride 131072
2026-06-29 13:24:23,736 - INFO - Starting direct file download in chunks of 131072 at 0, stride 131072
2026-06-29 13:24:24,773 - INFO - Starting direct file download in chunks of 131072 at 0, stride 131072
2026-06-29 13:24:27,065 - INFO - Starting direct file download in chunks of 131072 at 0, stride 131072
2026-06-29 13:24:40,092 - INFO - Starting direct file download in chunks of 131072 at 0, stride 131072
2026-06-29 13:24:41,735 - INFO - Starting direct file download in chunks of 131072 at 0, stride 131072
2026-06-29 13:24:45,466 - INFO - Starting direct file download in chunks of 131072 at 0, stride 131072
2026-06-29 13:24:46,314 - INFO - Starting direct file download in chunks of 131072 at 0, stride 131072
2026-06-29 13:24:48,634 - INFO - Starting direct file download in chunks of 131072 at 0, stride 131072
2026-06-29 13:24:49,768 - INFO - Starting direct file download in chunks of 131072 at 0, stride 131072
2026-06-29 13:24:55,004 - INFO - Starting direct file download in chunks of 131072 at 0, stride 131072
2026-06-29 13:24:57,699 - INFO - Starting direct file download in chunks of 131072 at 0, stride 131072
2026-06-29 13:24:59,646 - INFO - Starting direct file download in chunks of 131072 at 0, stride 131072
2026-06-29 13:24:59,948 - INFO - Starting direct file download in chunks of 131072 at 0, stride 131072
2026-06-29 13:25:03,119 - INFO - Starting direct file download in chunks of 131072 at 0, stride 131072
2026-06-29 13:25:05,567 - INFO - Starting direct file download in chunks of 131072 at 0, stride 131072
2026-06-29 13:25:06,833 - INFO - Starting direct file download in chunks of 131072 at 0, stride 131072
2026-06-29 13:25:07,656 - INFO - Starting direct file download in chunks of 131072 at 0, stride 131072
2026-06-29 13:25:09,334 - INFO - Starting direct file download in chunks of 131072 at 0, stride 131072
2026-06-29 13:25:11,167 - INFO - Starting direct file download in chunks of 131072 at 0, stride 131072
2026-06-29 13:25:12,327 - INFO - Starting direct file download in chunks of 131072 at 0, stride 131072
2026-06-29 13:25:12,821 - INFO - Starting direct file download in chunks of 131072 at 0, stride 131072
2026-06-29 13:25:14,520 - INFO - Starting direct file download in chunks of 131072 at 0, stride 131072
2026-06-29 13:25:34,161 - INFO - Starting direct file download in chunks of 131072 at 0, stride 131072
2026-06-29 13:25:35,716 - INFO - Starting direct file download in chunks of 131072 at 0, stride 131072
2026-06-29 13:25:37,276 - INFO - Starting direct file download in chunks of 131072 at 0, stride 131072
2026-06-29 13:25:39,170 - INFO - Starting direct file download in chunks of 131072 at 0, stride 131072
2026-06-29 13:25:41,495 - INFO - Starting direct file download in chunks of 131072 at 0, stride 131072
2026-06-29 13:25:44,613 - INFO - Starting direct file download in chunks of 131072 at 0, stride 131072
2026-06-29 13:25:46,644 - INFO - Starting direct file download in chunks of 131072 at 0, stride 131072
2026-06-29 13:25:47,720 - INFO - Starting direct file download in chunks of 131072 at 0, stride 131072
2026-06-29 13:25:49,644 - INFO - Starting direct file download in chunks of 131072 at 0, stride 131072
2026-06-29 13:25:52,414 - INFO - Starting direct file download in chunks of 131072 at 0, stride 131072
2026-06-29 13:25:55,659 - INFO - Starting direct file download in chunks of 131072 at 0, stride 131072
2026-06-29 13:25:56,012 - INFO - Starting direct file download in chunks of 131072 at 0, stride 131072
2026-06-29 13:25:58,534 - INFO - Starting direct file download in chunks of 131072 at 0, stride 131072
2026-06-29 13:26:01,654 - INFO - Starting direct file download in chunks of 131072 at 0, stride 131072
2026-06-29 13:26:03,655 - INFO - Starting direct file download in chunks of 131072 at 0, stride 131072
2026-06-29 13:26:05,120 - INFO - Starting direct file download in chunks of 131072 at 0, stride 131072
2026-06-29 13:26:07,565 - INFO - Starting direct file download in chunks of 131072 at 0, stride 131072
2026-06-29 13:26:08,492 - INFO - Starting direct file download in chunks of 131072 at 0, stride 131072
2026-06-29 13:26:10,637 - INFO - Starting direct file download in chunks of 131072 at 0, stride 131072
2026-06-29 13:26:12,460 - INFO - Starting direct file download in chunks of 131072 at 0, stride 131072
2026-06-29 13:26:15,377 - INFO - Starting direct file download in chunks of 131072 at 0, stride 131072
2026-06-29 13:26:17,592 - INFO - Starting direct file download in chunks of 131072 at 0, stride 131072
2026-06-29 13:26:35,434 - INFO - Starting direct file download in chunks of 131072 at 0, stride 131072
2026-06-29 13:26:39,039 - INFO - Starting direct file download in chunks of 131072 at 0, stride 131072
2026-06-29 13:26:41,779 - INFO - Starting direct file download in chunks of 131072 at 0, stride 131072
2026-06-29 13:26:44,034 - INFO - Starting direct file download in chunks of 131072 at 0, stride 131072
2026-06-29 13:26:45,853 - INFO - Starting direct file download in chunks of 131072 at 0, stride 131072
2026-06-29 13:26:49,720 - INFO - Starting direct file download in chunks of 131072 at 0, stride 131072
2026-06-29 13:26:51,900 - INFO - Starting direct file download in chunks of 131072 at 0, stride 131072
2026-06-29 13:26:54,746 - INFO - Starting direct file download in chunks of 131072 at 0, stride 131072
2026-06-29 13:26:58,955 - INFO - Starting direct file download in chunks of 131072 at 0, stride 131072
2026-06-29 13:27:09,547 - INFO - Starting direct file download in chunks of 131072 at 0, stride 131072
2026-06-29 13:27:34,663 - INFO - Starting direct file download in chunks of 131072 at 0, stride 131072
2026-06-29 13:28:55,988 - INFO - Starting direct file download in chunks of 131072 at 0, stride 131072
2026-06-29 13:29:19,653 - INFO - Starting direct file download in chunks of 131072 at 0, stride 131072
2026-06-29 13:29:34,577 - INFO - Starting direct file download in chunks of 131072 at 0, stride 131072
2026-06-29 13:29:44,594 - INFO - Starting direct file download in chunks of 131072 at 0, stride 131072
2026-06-29 13:29:49,013 - INFO - Starting direct file download in chunks of 131072 at 0, stride 131072
2026-06-29 13:30:14,887 - INFO - Starting direct file download in chunks of 131072 at 0, stride 131072
2026-06-29 13:30:18,254 - INFO - Starting direct file download in chunks of 131072 at 0, stride 131072
2026-06-29 13:30:20,890 - INFO - Starting direct file download in chunks of 131072 at 0, stride 131072
2026-06-29 13:30:25,943 - INFO - Starting direct file download in chunks of 131072 at 0, stride 131072
2026-06-29 13:30:29,108 - INFO - Starting direct file download in chunks of 131072 at 0, stride 131072
2026-06-29 13:30:35,424 - INFO - Starting direct file download in chunks of 131072 at 0, stride 131072
2026-06-29 13:30:37,669 - INFO - Starting direct file download in chunks of 131072 at 0, stride 131072
2026-06-29 13:30:47,944 - INFO - Starting direct file download in chunks of 131072 at 0, stride 131072
2026-06-29 13:30:58,038 - INFO - Starting direct file download in chunks of 131072 at 0, stride 131072
2026-06-29 13:30:58,686 - INFO - Starting direct file download in chunks of 131072 at 0, stride 131072
2026-06-29 13:31:02,020 - INFO - Starting direct file download in chunks of 131072 at 0, stride 131072
2026-06-29 13:31:05,520 - INFO - Starting direct file download in chunks of 131072 at 0, stride 131072
2026-06-29 13:31:09,623 - INFO - Starting direct file download in chunks of 131072 at 0, stride 131072
2026-06-29 13:31:10,778 - INFO - Starting direct file download in chunks of 131072 at 0, stride 131072
2026-06-29 13:31:18,491 - INFO - Starting direct file download in chunks of 131072 at 0, stride 131072
2026-06-29 13:31:27,702 - INFO - Starting direct file download in chunks of 131072 at 0, stride 131072
2026-06-29 13:31:40,858 - INFO - Starting direct file download in chunks of 131072 at 0, stride 131072
2026-06-29 13:31:45,446 - INFO - Starting direct file download in chunks of 131072 at 0, stride 131072
2026-06-29 13:31:47,836 - INFO - Starting direct file download in chunks of 131072 at 0, stride 131072
2026-06-29 13:31:57,505 - INFO - Starting direct file download in chunks of 131072 at 0, stride 131072
2026-06-29 13:32:02,160 - INFO - Starting direct file download in chunks of 131072 at 0, stride 131072
2026-06-29 13:32:08,468 - INFO - Starting direct file download in chunks of 131072 at 0, stride 131072
2026-06-29 13:32:09,994 - INFO - Starting direct file download in chunks of 131072 at 0, stride 131072
2026-06-29 13:32:14,304 - INFO - Starting direct file download in chunks of 131072 at 0, stride 131072
2026-06-29 13:32:15,181 - INFO - Starting direct file download in chunks of 131072 at 0, stride 131072
2026-06-29 13:32:18,578 - INFO - Starting direct file download in chunks of 131072 at 0, stride 131072
2026-06-29 13:32:21,503 - INFO - Starting direct file download in chunks of 131072 at 0, stride 131072
2026-06-29 13:32:25,792 - INFO - Starting direct file download in chunks of 131072 at 0, stride 131072
2026-06-29 13:32:27,321 - INFO - Starting direct file download in chunks of 131072 at 0, stride 131072
2026-06-29 13:32:31,743 - INFO - Starting direct file download in chunks of 131072 at 0, stride 131072
2026-06-29 13:32:35,112 - INFO - Starting direct file download in chunks of 131072 at 0, stride 131072
2026-06-29 13:32:38,677 - INFO - Starting direct file download in chunks of 131072 at 0, stride 131072
2026-06-29 13:32:45,678 - INFO - Starting direct file download in chunks of 131072 at 0, stride 131072
2026-06-29 13:32:47,794 - INFO - Starting direct file download in chunks of 131072 at 0, stride 131072
2026-06-29 13:32:52,667 - INFO - Starting direct file download in chunks of 131072 at 0, stride 131072
2026-06-29 13:32:57,527 - INFO - Starting direct file download in chunks of 131072 at 0, stride 131072
2026-06-29 13:33:02,375 - INFO - Starting direct file download in chunks of 131072 at 0, stride 131072
2026-06-29 13:33:08,418 - INFO - Starting direct file download in chunks of 131072 at 0, stride 131072
2026-06-29 13:33:11,420 - INFO - Starting direct file download in chunks of 131072 at 0, stride 131072
2026-06-29 13:33:15,038 - INFO - Starting direct file download in chunks of 131072 at 0, stride 131072
2026-06-29 13:33:18,421 - INFO - Starting direct file download in chunks of 131072 at 0, stride 131072
2026-06-29 13:33:20,867 - INFO - Starting direct file download in chunks of 131072 at 0, stride 131072
2026-06-29 13:33:22,337 - INFO - Starting direct file download in chunks of 131072 at 0, stride 131072
2026-06-29 13:33:24,883 - INFO - Starting direct file download in chunks of 131072 at 0, stride 131072
2026-06-29 13:33:26,255 - INFO - Starting direct file download in chunks of 131072 at 0, stride 131072
2026-06-29 13:33:28,713 - INFO - Starting direct file download in chunks of 131072 at 0, stride 131072
2026-06-29 13:33:30,666 - INFO - Starting direct file download in chunks of 131072 at 0, stride 131072
2026-06-29 13:33:33,367 - INFO - Starting direct file download in chunks of 131072 at 0, stride 131072
2026-06-29 13:33:39,431 - INFO - Starting direct file download in chunks of 131072 at 0, stride 131072
2026-06-29 13:34:05,452 - INFO - Starting direct file download in chunks of 131072 at 0, stride 131072
2026-06-29 13:34:07,620 - INFO - Starting direct file download in chunks of 131072 at 0, stride 131072
2026-06-29 13:34:29,609 - INFO - Starting direct file download in chunks of 131072 at 0, stride 131072
2026-06-29 13:34:33,006 - INFO - Starting direct file download in chunks of 131072 at 0, stride 131072
2026-06-29 13:34:36,134 - INFO - Starting direct file download in chunks of 131072 at 0, stride 131072
2026-06-29 13:34:38,327 - INFO - Starting direct file download in chunks of 131072 at 0, stride 131072
2026-06-29 13:34:38,692 - INFO - Starting direct file download in chunks of 131072 at 0, stride 131072
2026-06-29 13:34:40,878 - INFO - Starting direct file download in chunks of 131072 at 0, stride 131072
2026-06-29 13:34:46,010 - INFO - Starting direct file download in chunks of 131072 at 0, stride 131072
2026-06-29 13:36:01,634 - INFO - Closing current connection to begin reconnect...
2026-06-29 13:36:01,647 - INFO - Connecting to 149.154.167.92:443/TcpFull...
2026-06-29 13:36:01,801 - INFO - Connection to 149.154.167.92:443/TcpFull complete!
2026-06-29 13:36:06,952 - INFO - Starting direct file download in chunks of 131072 at 0, stride 131072
2026-06-29 13:36:08,514 - INFO - Starting direct file download in chunks of 131072 at 0, stride 131072
2026-06-29 13:38:02,090 - INFO - Closing current connection to begin reconnect...
2026-06-29 13:38:02,094 - INFO - Connecting to 149.154.167.92:443/TcpFull...
2026-06-29 13:38:02,210 - INFO - Connection to 149.154.167.92:443/TcpFull complete!
2026-06-29 13:38:17,250 - INFO - Starting direct file download in chunks of 131072 at 0, stride 131072
2026-06-29 13:38:48,118 - INFO - Starting direct file download in chunks of 131072 at 0, stride 131072
2026-06-29 13:38:48,164 - INFO - Got difference for channel 1101378903 updates
2026-06-29 13:39:07,890 - INFO - Starting direct file download in chunks of 131072 at 0, stride 131072
2026-06-29 13:39:10,329 - INFO - Starting direct file download in chunks of 131072 at 0, stride 131072
2026-06-29 13:39:30,446 - INFO - Starting direct file download in chunks of 131072 at 0, stride 131072
2026-06-29 13:39:43,613 - INFO - Starting direct file download in chunks of 131072 at 0, stride 131072
2026-06-29 13:39:54,752 - INFO - Starting direct file download in chunks of 131072 at 0, stride 131072
2026-06-29 13:40:04,139 - INFO - Starting direct file download in chunks of 131072 at 0, stride 131072
2026-06-29 13:40:08,976 - INFO - Starting direct file download in chunks of 131072 at 0, stride 131072
2026-06-29 13:40:11,087 - INFO - Starting direct file download in chunks of 131072 at 0, stride 131072
2026-06-29 13:40:13,195 - INFO - Starting direct file download in chunks of 131072 at 0, stride 131072
2026-06-29 13:40:15,851 - INFO - Starting direct file download in chunks of 131072 at 0, stride 131072
2026-06-29 13:40:37,025 - INFO - Starting direct file download in chunks of 131072 at 0, stride 131072
2026-06-29 13:40:38,267 - INFO - Starting direct file download in chunks of 131072 at 0, stride 131072
2026-06-29 13:40:42,662 - INFO - Starting direct file download in chunks of 131072 at 0, stride 131072
2026-06-29 13:40:45,154 - INFO - Starting direct file download in chunks of 131072 at 0, stride 131072
2026-06-29 13:40:50,162 - INFO - Starting direct file download in chunks of 131072 at 0, stride 131072
2026-06-29 13:40:55,286 - INFO - Starting direct file download in chunks of 131072 at 0, stride 131072
2026-06-29 13:41:03,177 - INFO - Starting direct file download in chunks of 131072 at 0, stride 131072
2026-06-29 13:41:06,101 - INFO - Starting direct file download in chunks of 131072 at 0, stride 131072
2026-06-29 13:41:14,196 - INFO - Starting direct file download in chunks of 131072 at 0, stride 131072
2026-06-29 13:41:15,308 - INFO - Starting direct file download in chunks of 131072 at 0, stride 131072
2026-06-29 13:41:20,486 - INFO - Starting direct file download in chunks of 131072 at 0, stride 131072
2026-06-29 13:41:30,269 - INFO - Starting direct file download in chunks of 131072 at 0, stride 131072
2026-06-29 13:41:36,046 - INFO - Starting direct file download in chunks of 131072 at 0, stride 131072
2026-06-29 13:41:40,925 - INFO - Starting direct file download in chunks of 131072 at 0, stride 131072
2026-06-29 13:41:48,577 - INFO - Starting direct file download in chunks of 131072 at 0, stride 131072
2026-06-29 13:41:53,843 - INFO - Starting direct file download in chunks of 131072 at 0, stride 131072
2026-06-29 13:41:55,776 - INFO - Starting direct file download in chunks of 131072 at 0, stride 131072
2026-06-29 13:42:02,444 - INFO - Starting direct file download in chunks of 131072 at 0, stride 131072
2026-06-29 13:42:08,213 - INFO - Starting direct file download in chunks of 131072 at 0, stride 131072
2026-06-29 13:42:10,031 - INFO - Starting direct file download in chunks of 131072 at 0, stride 131072
2026-06-29 13:42:19,089 - INFO - Starting direct file download in chunks of 131072 at 0, stride 131072
2026-06-29 13:42:24,141 - INFO - Starting direct file download in chunks of 131072 at 0, stride 131072
2026-06-29 13:42:31,761 - INFO - Starting direct file download in chunks of 131072 at 0, stride 131072
2026-06-29 13:42:35,519 - INFO - Starting direct file download in chunks of 131072 at 0, stride 131072
2026-06-29 13:42:40,723 - INFO - Starting direct file download in chunks of 131072 at 0, stride 131072
2026-06-29 13:42:48,252 - INFO - Starting direct file download in chunks of 131072 at 0, stride 131072
2026-06-29 13:42:51,388 - INFO - Starting direct file download in chunks of 131072 at 0, stride 131072
2026-06-29 13:42:52,275 - INFO - Starting direct file download in chunks of 131072 at 0, stride 131072
2026-06-29 13:42:55,489 - INFO - Starting direct file download in chunks of 131072 at 0, stride 131072
2026-06-29 13:42:58,745 - INFO - Starting direct file download in chunks of 131072 at 0, stride 131072
2026-06-29 13:43:03,216 - INFO - Starting direct file download in chunks of 131072 at 0, stride 131072
2026-06-29 13:43:07,174 - INFO - Starting direct file download in chunks of 131072 at 0, stride 131072
2026-06-29 13:43:10,679 - INFO - Starting direct file download in chunks of 131072 at 0, stride 131072
2026-06-29 13:43:14,356 - INFO - Starting direct file download in chunks of 131072 at 0, stride 131072
2026-06-29 13:43:16,627 - INFO - Starting direct file download in chunks of 131072 at 0, stride 131072
2026-06-29 13:43:37,524 - INFO - Starting direct file download in chunks of 131072 at 0, stride 131072
2026-06-29 13:43:39,613 - INFO - Starting direct file download in chunks of 131072 at 0, stride 131072
2026-06-29 13:43:48,385 - INFO - Starting direct file download in chunks of 131072 at 0, stride 131072
2026-06-29 13:44:13,488 - INFO - Starting direct file download in chunks of 131072 at 0, stride 131072
2026-06-29 13:45:44,670 - INFO - Starting direct file download in chunks of 131072 at 0, stride 131072
2026-06-29 13:45:47,702 - INFO - Starting direct file download in chunks of 131072 at 0, stride 131072
2026-06-29 13:45:49,920 - INFO - Starting direct file download in chunks of 131072 at 0, stride 131072
2026-06-29 13:46:05,700 - INFO - Starting direct file download in chunks of 131072 at 0, stride 131072
2026-06-29 13:46:07,558 - INFO - Starting direct file download in chunks of 131072 at 0, stride 131072
2026-06-29 13:46:09,652 - INFO - Starting direct file download in chunks of 131072 at 0, stride 131072
2026-06-29 13:46:11,964 - INFO - Starting direct file download in chunks of 131072 at 0, stride 131072
2026-06-29 13:46:13,248 - INFO - Starting direct file download in chunks of 131072 at 0, stride 131072
2026-06-29 13:46:17,105 - INFO - Starting direct file download in chunks of 131072 at 0, stride 131072
2026-06-29 13:46:20,238 - INFO - Starting direct file download in chunks of 131072 at 0, stride 131072
2026-06-29 13:46:23,170 - INFO - Starting direct file download in chunks of 131072 at 0, stride 131072
2026-06-29 13:46:25,935 - INFO - Starting direct file download in chunks of 131072 at 0, stride 131072
2026-06-29 13:46:32,023 - INFO - Starting direct file download in chunks of 131072 at 0, stride 131072
2026-06-29 13:46:39,869 - INFO - Starting direct file download in chunks of 131072 at 0, stride 131072
2026-06-29 13:46:46,670 - INFO - Starting direct file download in chunks of 131072 at 0, stride 131072
2026-06-29 13:46:50,468 - INFO - Starting direct file download in chunks of 131072 at 0, stride 131072
2026-06-29 13:46:58,014 - INFO - Starting direct file download in chunks of 131072 at 0, stride 131072
2026-06-29 13:47:02,025 - INFO - Starting direct file download in chunks of 131072 at 0, stride 131072
2026-06-29 13:47:19,451 - INFO - Starting direct file download in chunks of 131072 at 0, stride 131072
2026-06-29 13:47:19,798 - INFO - Starting direct file download in chunks of 131072 at 0, stride 131072
2026-06-29 13:47:22,010 - INFO - Starting direct file download in chunks of 131072 at 0, stride 131072
2026-06-29 13:47:24,084 - INFO - Starting direct file download in chunks of 131072 at 0, stride 131072
2026-06-29 13:47:26,195 - INFO - Starting direct file download in chunks of 131072 at 0, stride 131072
2026-06-29 13:47:27,685 - INFO - Starting direct file download in chunks of 131072 at 0, stride 131072
2026-06-29 13:47:29,700 - INFO - Starting direct file download in chunks of 131072 at 0, stride 131072
2026-06-29 13:47:30,360 - INFO - Starting direct file download in chunks of 131072 at 0, stride 131072
2026-06-29 13:47:32,608 - INFO - Starting direct file download in chunks of 131072 at 0, stride 131072
2026-06-29 13:47:34,691 - INFO - Starting direct file download in chunks of 131072 at 0, stride 131072
2026-06-29 13:47:35,725 - INFO - Starting direct file download in chunks of 131072 at 0, stride 131072
2026-06-29 13:47:36,148 - INFO - Starting direct file download in chunks of 131072 at 0, stride 131072
2026-06-29 13:47:37,411 - INFO - Starting direct file download in chunks of 131072 at 0, stride 131072
2026-06-29 13:47:38,774 - INFO - Starting direct file download in chunks of 131072 at 0, stride 131072
2026-06-29 13:47:40,376 - INFO - Starting direct file download in chunks of 131072 at 0, stride 131072
2026-06-29 13:47:42,925 - INFO - Starting direct file download in chunks of 131072 at 0, stride 131072
2026-06-29 13:47:43,655 - INFO - Starting direct file download in chunks of 131072 at 0, stride 131072
2026-06-29 13:47:44,853 - INFO - Starting direct file download in chunks of 131072 at 0, stride 131072
2026-06-29 13:47:47,013 - INFO - Starting direct file download in chunks of 131072 at 0, stride 131072
2026-06-29 13:47:48,135 - INFO - Starting direct file download in chunks of 131072 at 0, stride 131072
2026-06-29 13:47:50,511 - INFO - Starting direct file download in chunks of 131072 at 0, stride 131072
2026-06-29 13:47:53,458 - INFO - Starting direct file download in chunks of 131072 at 0, stride 131072
2026-06-29 13:47:54,065 - INFO - Starting direct file download in chunks of 131072 at 0, stride 131072
2026-06-29 13:47:55,625 - INFO - Starting direct file download in chunks of 131072 at 0, stride 131072
2026-06-29 13:47:58,204 - INFO - Starting direct file download in chunks of 131072 at 0, stride 131072
2026-06-29 13:47:59,627 - INFO - Starting direct file download in chunks of 131072 at 0, stride 131072
2026-06-29 13:48:01,858 - INFO - Starting direct file download in chunks of 131072 at 0, stride 131072
2026-06-29 13:49:11,391 - INFO - Starting direct file download in chunks of 131072 at 0, stride 131072
2026-06-29 13:49:20,530 - INFO - Starting direct file download in chunks of 131072 at 0, stride 131072
2026-06-29 13:49:27,626 - INFO - Starting direct file download in chunks of 131072 at 0, stride 131072
2026-06-29 13:49:35,423 - INFO - Starting direct file download in chunks of 131072 at 0, stride 131072
2026-06-29 13:49:39,077 - INFO - Starting direct file download in chunks of 131072 at 0, stride 131072
2026-06-29 13:49:56,725 - INFO - Starting direct file download in chunks of 131072 at 0, stride 131072
2026-06-29 13:50:02,838 - INFO - Starting direct file download in chunks of 131072 at 0, stride 131072
2026-06-29 13:50:07,462 - INFO - Starting direct file download in chunks of 131072 at 0, stride 131072
2026-06-29 13:50:22,007 - INFO - Starting direct file download in chunks of 131072 at 0, stride 131072
2026-06-29 13:50:34,591 - INFO - Starting direct file download in chunks of 131072 at 0, stride 131072
2026-06-29 13:50:40,639 - INFO - Starting direct file download in chunks of 131072 at 0, stride 131072
2026-06-29 13:50:43,593 - INFO - Starting direct file download in chunks of 131072 at 0, stride 131072
2026-06-29 13:50:49,174 - INFO - Starting direct file download in chunks of 131072 at 0, stride 131072
2026-06-29 13:50:53,673 - INFO - Starting direct file download in chunks of 131072 at 0, stride 131072
2026-06-29 13:51:13,434 - INFO - Starting direct file download in chunks of 131072 at 0, stride 131072
2026-06-29 13:51:15,743 - INFO - Starting direct file download in chunks of 131072 at 0, stride 131072
2026-06-29 13:51:19,827 - INFO - Starting direct file download in chunks of 131072 at 0, stride 131072
2026-06-29 13:51:22,726 - INFO - Starting direct file download in chunks of 131072 at 0, stride 131072
2026-06-29 13:51:24,502 - INFO - Starting direct file download in chunks of 131072 at 0, stride 131072
2026-06-29 13:51:26,220 - INFO - Starting direct file download in chunks of 131072 at 0, stride 131072
2026-06-29 13:51:27,799 - INFO - Starting direct file download in chunks of 131072 at 0, stride 131072
2026-06-29 13:51:29,205 - INFO - Starting direct file download in chunks of 131072 at 0, stride 131072
2026-06-29 13:51:31,910 - INFO - Starting direct file download in chunks of 131072 at 0, stride 131072
2026-06-29 13:51:33,559 - INFO - Starting direct file download in chunks of 131072 at 0, stride 131072
2026-06-29 13:51:36,296 - INFO - Starting direct file download in chunks of 131072 at 0, stride 131072
2026-06-29 13:51:38,607 - INFO - Starting direct file download in chunks of 131072 at 0, stride 131072
2026-06-29 13:51:40,941 - INFO - Starting direct file download in chunks of 131072 at 0, stride 131072
2026-06-29 13:51:43,656 - INFO - Starting direct file download in chunks of 131072 at 0, stride 131072
2026-06-29 13:51:46,921 - INFO - Starting direct file download in chunks of 131072 at 0, stride 131072
2026-06-29 13:51:49,574 - INFO - Starting direct file download in chunks of 131072 at 0, stride 131072
2026-06-29 13:51:52,253 - INFO - Starting direct file download in chunks of 131072 at 0, stride 131072
2026-06-29 13:51:52,922 - INFO - Starting direct file download in chunks of 131072 at 0, stride 131072
2026-06-29 13:51:56,353 - INFO - Starting direct file download in chunks of 131072 at 0, stride 131072
2026-06-29 13:51:58,441 - INFO - Starting direct file download in chunks of 131072 at 0, stride 131072
2026-06-29 13:52:00,855 - INFO - Starting direct file download in chunks of 131072 at 0, stride 131072
2026-06-29 13:52:01,314 - INFO - Starting direct file download in chunks of 131072 at 0, stride 131072
2026-06-29 13:52:02,001 - INFO - Starting direct file download in chunks of 131072 at 0, stride 131072
2026-06-29 13:52:04,195 - INFO - Starting direct file download in chunks of 131072 at 0, stride 131072
2026-06-29 13:52:06,147 - INFO - Starting direct file download in chunks of 131072 at 0, stride 131072
2026-06-29 13:52:07,599 - INFO - Starting direct file download in chunks of 131072 at 0, stride 131072
2026-06-29 13:52:08,012 - INFO - Starting direct file download in chunks of 131072 at 0, stride 131072
2026-06-29 13:52:09,272 - INFO - Starting direct file download in chunks of 131072 at 0, stride 131072
2026-06-29 13:52:10,692 - INFO - Starting direct file download in chunks of 131072 at 0, stride 131072
2026-06-29 13:52:11,826 - INFO - Starting direct file download in chunks of 131072 at 0, stride 131072
2026-06-29 13:52:12,727 - INFO - Starting direct file download in chunks of 131072 at 0, stride 131072
2026-06-29 13:52:15,357 - INFO - Starting direct file download in chunks of 131072 at 0, stride 131072
2026-06-29 13:52:28,395 - INFO - Starting direct file download in chunks of 131072 at 0, stride 131072
2026-06-29 13:52:30,180 - INFO - Starting direct file download in chunks of 131072 at 0, stride 131072
2026-06-29 13:52:44,691 - INFO - Starting direct file download in chunks of 131072 at 0, stride 131072
2026-06-29 13:52:46,855 - INFO - Starting direct file download in chunks of 131072 at 0, stride 131072
2026-06-29 13:52:48,380 - INFO - Starting direct file download in chunks of 131072 at 0, stride 131072
2026-06-29 13:52:50,937 - INFO - Starting direct file download in chunks of 131072 at 0, stride 131072
2026-06-29 13:52:52,415 - INFO - Starting direct file download in chunks of 131072 at 0, stride 131072
2026-06-29 13:52:53,668 - INFO - Starting direct file download in chunks of 131072 at 0, stride 131072
2026-06-29 13:52:55,593 - INFO - Starting direct file download in chunks of 131072 at 0, stride 131072
2026-06-29 13:52:58,685 - INFO - Starting direct file download in chunks of 131072 at 0, stride 131072
2026-06-29 13:53:01,424 - INFO - Starting direct file download in chunks of 131072 at 0, stride 131072
2026-06-29 13:53:01,931 - INFO - Starting direct file download in chunks of 131072 at 0, stride 131072
2026-06-29 13:53:04,872 - INFO - Starting direct file download in chunks of 131072 at 0, stride 131072
2026-06-29 13:53:07,721 - INFO - Starting direct file download in chunks of 131072 at 0, stride 131072
2026-06-29 13:53:10,181 - INFO - Starting direct file download in chunks of 131072 at 0, stride 131072
2026-06-29 13:53:12,345 - INFO - Starting direct file download in chunks of 131072 at 0, stride 131072
2026-06-29 13:53:14,464 - INFO - Starting direct file download in chunks of 131072 at 0, stride 131072
2026-06-29 13:53:16,423 - INFO - Starting direct file download in chunks of 131072 at 0, stride 131072
2026-06-29 13:53:17,662 - INFO - Starting direct file download in chunks of 131072 at 0, stride 131072
2026-06-29 13:53:19,835 - INFO - Starting direct file download in chunks of 131072 at 0, stride 131072
2026-06-29 13:53:25,818 - INFO - Starting direct file download in chunks of 131072 at 0, stride 131072
2026-06-29 13:53:30,149 - INFO - Starting direct file download in chunks of 131072 at 0, stride 131072
2026-06-29 13:53:30,988 - INFO - Starting direct file download in chunks of 131072 at 0, stride 131072
2026-06-29 13:53:35,055 - INFO - Starting direct file download in chunks of 131072 at 0, stride 131072
2026-06-29 13:53:40,445 - INFO - Starting direct file download in chunks of 131072 at 0, stride 131072
2026-06-29 13:53:42,947 - INFO - Starting direct file download in chunks of 131072 at 0, stride 131072
2026-06-29 13:53:44,827 - INFO - Starting direct file download in chunks of 131072 at 0, stride 131072
2026-06-29 13:53:52,743 - INFO - Starting direct file download in chunks of 131072 at 0, stride 131072
2026-06-29 13:53:56,203 - INFO - Starting direct file download in chunks of 131072 at 0, stride 131072
2026-06-29 13:54:11,457 - INFO - Starting direct file download in chunks of 131072 at 0, stride 131072
2026-06-29 13:54:12,575 - INFO - Starting direct file download in chunks of 131072 at 0, stride 131072
2026-06-29 13:54:16,576 - INFO - Starting direct file download in chunks of 131072 at 0, stride 131072
2026-06-29 13:54:19,434 - INFO - Starting direct file download in chunks of 131072 at 0, stride 131072
2026-06-29 13:54:21,807 - INFO - Starting direct file download in chunks of 131072 at 0, stride 131072
2026-06-29 13:54:24,343 - INFO - Starting direct file download in chunks of 131072 at 0, stride 131072
2026-06-29 13:54:25,457 - INFO - Starting direct file download in chunks of 131072 at 0, stride 131072
2026-06-29 13:54:27,895 - INFO - Starting direct file download in chunks of 131072 at 0, stride 131072
2026-06-29 13:54:30,357 - INFO - Starting direct file download in chunks of 131072 at 0, stride 131072
2026-06-29 13:54:33,095 - INFO - Starting direct file download in chunks of 131072 at 0, stride 131072
2026-06-29 13:54:34,786 - INFO - Starting direct file download in chunks of 131072 at 0, stride 131072
2026-06-29 13:54:35,812 - INFO - Starting direct file download in chunks of 131072 at 0, stride 131072
2026-06-29 13:54:37,809 - INFO - Starting direct file download in chunks of 131072 at 0, stride 131072
2026-06-29 13:54:54,367 - INFO - Starting direct file download in chunks of 131072 at 0, stride 131072
2026-06-29 13:54:59,994 - INFO - Starting direct file download in chunks of 131072 at 0, stride 131072
2026-06-29 13:55:02,867 - INFO - Starting direct file download in chunks of 131072 at 0, stride 131072
2026-06-29 13:55:05,298 - INFO - Starting direct file download in chunks of 131072 at 0, stride 131072
2026-06-29 13:55:07,238 - INFO - Starting direct file download in chunks of 131072 at 0, stride 131072
2026-06-29 13:55:09,570 - INFO - Starting direct file download in chunks of 131072 at 0, stride 131072
2026-06-29 13:55:11,803 - INFO - Starting direct file download in chunks of 131072 at 0, stride 131072
2026-06-29 13:55:14,011 - INFO - Starting direct file download in chunks of 131072 at 0, stride 131072
2026-06-29 13:55:15,979 - INFO - Starting direct file download in chunks of 131072 at 0, stride 131072
2026-06-29 13:55:17,042 - INFO - Starting direct file download in chunks of 131072 at 0, stride 131072
2026-06-29 13:55:19,256 - INFO - Starting direct file download in chunks of 131072 at 0, stride 131072
2026-06-29 13:55:20,459 - INFO - Starting direct file download in chunks of 131072 at 0, stride 131072
2026-06-29 13:55:22,643 - INFO - Starting direct file download in chunks of 131072 at 0, stride 131072
2026-06-29 13:55:23,313 - INFO - Starting direct file download in chunks of 131072 at 0, stride 131072
2026-06-29 13:55:27,197 - INFO - Starting direct file download in chunks of 131072 at 0, stride 131072
2026-06-29 13:55:41,578 - INFO - Starting direct file download in chunks of 131072 at 0, stride 131072
2026-06-29 13:55:42,296 - INFO - Starting direct file download in chunks of 131072 at 0, stride 131072
2026-06-29 13:55:44,896 - INFO - Starting direct file download in chunks of 131072 at 0, stride 131072
2026-06-29 13:55:48,090 - INFO - Starting direct file download in chunks of 131072 at 0, stride 131072
2026-06-29 13:55:50,936 - INFO - Starting direct file download in chunks of 131072 at 0, stride 131072
2026-06-29 13:55:53,039 - INFO - Starting direct file download in chunks of 131072 at 0, stride 131072
2026-06-29 13:55:55,717 - INFO - Starting direct file download in chunks of 131072 at 0, stride 131072
2026-06-29 13:55:58,319 - INFO - Starting direct file download in chunks of 131072 at 0, stride 131072
2026-06-29 13:55:59,045 - INFO - Starting direct file download in chunks of 131072 at 0, stride 131072
2026-06-29 13:56:01,095 - INFO - Starting direct file download in chunks of 131072 at 0, stride 131072
2026-06-29 13:56:03,171 - INFO - Starting direct file download in chunks of 131072 at 0, stride 131072
2026-06-29 13:56:03,619 - INFO - Starting direct file download in chunks of 131072 at 0, stride 131072
2026-06-29 13:56:04,988 - INFO - Starting direct file download in chunks of 131072 at 0, stride 131072
2026-06-29 13:56:05,451 - INFO - Starting direct file download in chunks of 131072 at 0, stride 131072
2026-06-29 13:56:07,958 - INFO - Starting direct file download in chunks of 131072 at 0, stride 131072
2026-06-29 13:56:10,492 - INFO - Starting direct file download in chunks of 131072 at 0, stride 131072
2026-06-29 13:56:12,747 - INFO - Starting direct file download in chunks of 131072 at 0, stride 131072
2026-06-29 13:56:14,089 - INFO - Starting direct file download in chunks of 131072 at 0, stride 131072
2026-06-29 13:56:17,061 - INFO - Starting direct file download in chunks of 131072 at 0, stride 131072
2026-06-29 13:56:18,027 - INFO - Starting direct file download in chunks of 131072 at 0, stride 131072
2026-06-29 13:56:19,336 - INFO - Starting direct file download in chunks of 131072 at 0, stride 131072
2026-06-29 13:56:21,202 - INFO - Starting direct file download in chunks of 131072 at 0, stride 131072
2026-06-29 13:56:23,086 - INFO - Starting direct file download in chunks of 131072 at 0, stride 131072
2026-06-29 13:56:32,004 - INFO - Starting direct file download in chunks of 131072 at 0, stride 131072
2026-06-29 13:56:34,110 - INFO - Starting direct file download in chunks of 131072 at 0, stride 131072
2026-06-29 13:56:48,260 - INFO - Starting direct file download in chunks of 131072 at 0, stride 131072
2026-06-29 13:56:48,863 - INFO - Starting direct file download in chunks of 131072 at 0, stride 131072
2026-06-29 13:56:51,059 - INFO - Starting direct file download in chunks of 131072 at 0, stride 131072
2026-06-29 13:56:53,350 - INFO - Starting direct file download in chunks of 131072 at 0, stride 131072
2026-06-29 13:56:54,710 - INFO - Starting direct file download in chunks of 131072 at 0, stride 131072
2026-06-29 13:56:55,891 - INFO - Starting direct file download in chunks of 131072 at 0, stride 131072
2026-06-29 13:56:57,303 - INFO - Starting direct file download in chunks of 131072 at 0, stride 131072
2026-06-29 13:56:59,885 - INFO - Starting direct file download in chunks of 131072 at 0, stride 131072
2026-06-29 13:57:01,714 - INFO - Starting direct file download in chunks of 131072 at 0, stride 131072
2026-06-29 13:57:03,195 - INFO - Starting direct file download in chunks of 131072 at 0, stride 131072
2026-06-29 13:57:04,722 - INFO - Starting direct file download in chunks of 131072 at 0, stride 131072
2026-06-29 13:57:07,283 - INFO - Starting direct file download in chunks of 131072 at 0, stride 131072
2026-06-29 13:57:09,112 - INFO - Starting direct file download in chunks of 131072 at 0, stride 131072
2026-06-29 13:57:10,803 - INFO - Starting direct file download in chunks of 131072 at 0, stride 131072
2026-06-29 13:57:13,638 - INFO - Starting direct file download in chunks of 131072 at 0, stride 131072
2026-06-29 13:57:16,113 - INFO - Starting direct file download in chunks of 131072 at 0, stride 131072
2026-06-29 13:57:19,322 - INFO - Starting direct file download in chunks of 131072 at 0, stride 131072
2026-06-29 13:57:29,477 - INFO - Starting direct file download in chunks of 131072 at 0, stride 131072
2026-06-29 13:57:35,655 - INFO - Starting direct file download in chunks of 131072 at 0, stride 131072
2026-06-29 13:57:38,495 - INFO - Starting direct file download in chunks of 131072 at 0, stride 131072
2026-06-29 13:57:41,489 - INFO - Starting direct file download in chunks of 131072 at 0, stride 131072
2026-06-29 13:57:44,279 - INFO - Starting direct file download in chunks of 131072 at 0, stride 131072
2026-06-29 13:57:46,206 - INFO - Starting direct file download in chunks of 131072 at 0, stride 131072
2026-06-29 13:57:48,271 - INFO - Starting direct file download in chunks of 131072 at 0, stride 131072
2026-06-29 13:57:51,027 - INFO - Starting direct file download in chunks of 131072 at 0, stride 131072
2026-06-29 13:57:53,022 - INFO - Starting direct file download in chunks of 131072 at 0, stride 131072
2026-06-29 13:57:55,700 - INFO - Starting direct file download in chunks of 131072 at 0, stride 131072
2026-06-29 13:57:58,344 - INFO - Starting direct file download in chunks of 131072 at 0, stride 131072
2026-06-29 13:57:59,754 - INFO - Starting direct file download in chunks of 131072 at 0, stride 131072
2026-06-29 13:58:02,189 - INFO - Starting direct file download in chunks of 131072 at 0, stride 131072
2026-06-29 13:58:05,189 - INFO - Starting direct file download in chunks of 131072 at 0, stride 131072
2026-06-29 13:58:06,992 - INFO - Starting direct file download in chunks of 131072 at 0, stride 131072
2026-06-29 13:58:08,305 - INFO - Starting direct file download in chunks of 131072 at 0, stride 131072
2026-06-29 13:58:10,169 - INFO - Starting direct file download in chunks of 131072 at 0, stride 131072
2026-06-29 13:58:11,436 - INFO - Starting direct file download in chunks of 131072 at 0, stride 131072
2026-06-29 13:58:12,841 - INFO - Starting direct file download in chunks of 131072 at 0, stride 131072
2026-06-29 13:58:14,203 - INFO - Starting direct file download in chunks of 131072 at 0, stride 131072
2026-06-29 13:58:16,037 - INFO - Starting direct file download in chunks of 131072 at 0, stride 131072
2026-06-29 13:58:18,256 - INFO - Starting direct file download in chunks of 131072 at 0, stride 131072
2026-06-29 13:58:19,685 - INFO - Starting direct file download in chunks of 131072 at 0, stride 131072
2026-06-29 13:58:37,112 - INFO - Starting direct file download in chunks of 131072 at 0, stride 131072
2026-06-29 13:58:46,854 - INFO - Starting direct file download in chunks of 131072 at 0, stride 131072
2026-06-29 13:58:47,360 - INFO - Starting direct file download in chunks of 131072 at 0, stride 131072
2026-06-29 13:58:49,926 - INFO - Starting direct file download in chunks of 131072 at 0, stride 131072
2026-06-29 13:58:52,123 - INFO - Starting direct file download in chunks of 131072 at 0, stride 131072
2026-06-29 13:58:53,386 - INFO - Starting direct file download in chunks of 131072 at 0, stride 131072
2026-06-29 13:58:56,255 - INFO - Starting direct file download in chunks of 131072 at 0, stride 131072
2026-06-29 13:58:59,213 - INFO - Starting direct file download in chunks of 131072 at 0, stride 131072
2026-06-29 13:59:01,477 - INFO - Starting direct file download in chunks of 131072 at 0, stride 131072
2026-06-29 13:59:03,385 - INFO - Starting direct file download in chunks of 131072 at 0, stride 131072
2026-06-29 13:59:05,067 - INFO - Starting direct file download in chunks of 131072 at 0, stride 131072
2026-06-29 13:59:06,467 - INFO - Starting direct file download in chunks of 131072 at 0, stride 131072
2026-06-29 13:59:09,687 - INFO - Starting direct file download in chunks of 131072 at 0, stride 131072
2026-06-29 13:59:13,537 - INFO - Starting direct file download in chunks of 131072 at 0, stride 131072
2026-06-29 13:59:16,096 - INFO - Starting direct file download in chunks of 131072 at 0, stride 131072
2026-06-29 13:59:18,447 - INFO - Starting direct file download in chunks of 131072 at 0, stride 131072
2026-06-29 13:59:20,454 - INFO - Starting direct file download in chunks of 131072 at 0, stride 131072
2026-06-29 13:59:29,445 - INFO - Starting direct file download in chunks of 131072 at 0, stride 131072
2026-06-29 13:59:30,141 - INFO - Starting direct file download in chunks of 131072 at 0, stride 131072
2026-06-29 13:59:31,847 - INFO - Starting direct file download in chunks of 131072 at 0, stride 131072
2026-06-29 13:59:35,894 - INFO - Starting direct file download in chunks of 131072 at 0, stride 131072
2026-06-29 13:59:37,939 - INFO - Starting direct file download in chunks of 131072 at 0, stride 131072
2026-06-29 13:59:39,921 - INFO - Starting direct file download in chunks of 131072 at 0, stride 131072
2026-06-29 13:59:40,927 - INFO - Starting direct file download in chunks of 131072 at 0, stride 131072
2026-06-29 13:59:43,028 - INFO - Starting direct file download in chunks of 131072 at 0, stride 131072
2026-06-29 13:59:44,419 - INFO - Starting direct file download in chunks of 131072 at 0, stride 131072
2026-06-29 14:00:00,163 - INFO - Starting direct file download in chunks of 131072 at 0, stride 131072
2026-06-29 14:00:03,893 - INFO - Starting direct file download in chunks of 131072 at 0, stride 131072
2026-06-29 14:00:09,844 - INFO - Starting direct file download in chunks of 131072 at 0, stride 131072
2026-06-29 14:00:12,873 - INFO - Starting direct file download in chunks of 131072 at 0, stride 131072
2026-06-29 14:00:14,665 - INFO - Starting direct file download in chunks of 131072 at 0, stride 131072
2026-06-29 14:00:17,085 - INFO - Starting direct file download in chunks of 131072 at 0, stride 131072
2026-06-29 14:00:18,747 - INFO - Starting direct file download in chunks of 131072 at 0, stride 131072
2026-06-29 14:00:20,459 - INFO - Starting direct file download in chunks of 131072 at 0, stride 131072
2026-06-29 14:00:35,718 - INFO - Starting direct file download in chunks of 131072 at 0, stride 131072
2026-06-29 14:00:54,272 - INFO - Starting direct file download in chunks of 131072 at 0, stride 131072
2026-06-29 14:01:10,887 - INFO - Starting direct file download in chunks of 131072 at 0, stride 131072
2026-06-29 14:01:43,108 - INFO - Starting direct file download in chunks of 131072 at 0, stride 131072
2026-06-29 14:01:51,915 - INFO - Starting direct file download in chunks of 131072 at 0, stride 131072
2026-06-29 14:01:57,210 - INFO - Starting direct file download in chunks of 131072 at 0, stride 131072
2026-06-29 14:02:01,928 - INFO - Starting direct file download in chunks of 131072 at 0, stride 131072
2026-06-29 14:02:06,555 - INFO - Starting direct file download in chunks of 131072 at 0, stride 131072
2026-06-29 14:02:09,413 - INFO - Starting direct file download in chunks of 131072 at 0, stride 131072
2026-06-29 14:02:11,503 - INFO - Starting direct file download in chunks of 131072 at 0, stride 131072
2026-06-29 14:02:22,038 - INFO - Starting direct file download in chunks of 131072 at 0, stride 131072
2026-06-29 14:02:30,238 - INFO - Starting direct file download in chunks of 131072 at 0, stride 131072
2026-06-29 14:02:36,643 - INFO - Starting direct file download in chunks of 131072 at 0, stride 131072
2026-06-29 14:02:39,012 - INFO - Starting direct file download in chunks of 131072 at 0, stride 131072
2026-06-29 14:02:47,782 - INFO - Starting direct file download in chunks of 131072 at 0, stride 131072
2026-06-29 14:02:48,619 - INFO - Starting direct file download in chunks of 131072 at 0, stride 131072
2026-06-29 14:02:49,419 - INFO - Starting direct file download in chunks of 131072 at 0, stride 131072
2026-06-29 14:02:51,469 - INFO - Starting direct file download in chunks of 131072 at 0, stride 131072
2026-06-29 14:02:58,714 - INFO - Starting direct file download in chunks of 131072 at 0, stride 131072
2026-06-29 14:03:00,614 - INFO - Starting direct file download in chunks of 131072 at 0, stride 131072
2026-06-29 14:03:02,761 - INFO - Starting direct file download in chunks of 131072 at 0, stride 131072
2026-06-29 14:03:09,147 - INFO - Starting direct file download in chunks of 131072 at 0, stride 131072
2026-06-29 14:03:13,989 - INFO - Starting direct file download in chunks of 131072 at 0, stride 131072
2026-06-29 14:03:17,760 - INFO - Starting direct file download in chunks of 131072 at 0, stride 131072
2026-06-29 14:03:28,537 - INFO - Starting direct file download in chunks of 131072 at 0, stride 131072
2026-06-29 14:03:33,483 - INFO - Starting direct file download in chunks of 131072 at 0, stride 131072
2026-06-29 14:03:36,486 - INFO - Starting direct file download in chunks of 131072 at 0, stride 131072
2026-06-29 14:03:38,854 - INFO - Starting direct file download in chunks of 131072 at 0, stride 131072
2026-06-29 14:03:41,260 - INFO - Starting direct file download in chunks of 131072 at 0, stride 131072
2026-06-29 14:04:00,285 - INFO - Starting direct file download in chunks of 131072 at 0, stride 131072
2026-06-29 14:04:02,146 - INFO - Starting direct file download in chunks of 131072 at 0, stride 131072
2026-06-29 14:04:04,332 - INFO - Starting direct file download in chunks of 131072 at 0, stride 131072
2026-06-29 14:04:04,335 - INFO - Got difference for channel 1792692394 updates
2026-06-29 14:04:35,873 - INFO - Starting direct file download in chunks of 131072 at 0, stride 131072
2026-06-29 14:04:48,796 - INFO - Starting direct file download in chunks of 131072 at 0, stride 131072
2026-06-29 14:04:50,456 - INFO - Starting direct file download in chunks of 131072 at 0, stride 131072
2026-06-29 14:04:52,523 - INFO - Starting direct file download in chunks of 131072 at 0, stride 131072
2026-06-29 14:04:58,441 - INFO - Starting direct file download in chunks of 131072 at 0, stride 131072
2026-06-29 14:05:04,038 - INFO - Starting direct file download in chunks of 131072 at 0, stride 131072
2026-06-29 14:05:05,808 - INFO - Starting direct file download in chunks of 131072 at 0, stride 131072
2026-06-29 14:05:09,416 - INFO - Starting direct file download in chunks of 131072 at 0, stride 131072
2026-06-29 14:05:10,164 - INFO - Starting direct file download in chunks of 131072 at 0, stride 131072
2026-06-29 14:05:14,266 - INFO - Starting direct file download in chunks of 131072 at 0, stride 131072
2026-06-29 14:05:17,695 - INFO - Starting direct file download in chunks of 131072 at 0, stride 131072
2026-06-29 14:05:20,094 - INFO - Starting direct file download in chunks of 131072 at 0, stride 131072
2026-06-29 14:05:25,610 - INFO - Starting direct file download in chunks of 131072 at 0, stride 131072
2026-06-29 14:05:26,389 - INFO - Starting direct file download in chunks of 131072 at 0, stride 131072
2026-06-29 14:05:27,932 - INFO - Starting direct file download in chunks of 131072 at 0, stride 131072
2026-06-29 14:05:29,713 - INFO - Starting direct file download in chunks of 131072 at 0, stride 131072
2026-06-29 14:05:30,549 - INFO - Starting direct file download in chunks of 131072 at 0, stride 131072
2026-06-29 14:05:38,161 - INFO - Starting direct file download in chunks of 131072 at 0, stride 131072
2026-06-29 14:05:40,410 - INFO - Starting direct file download in chunks of 131072 at 0, stride 131072
2026-06-29 14:05:42,174 - INFO - Starting direct file download in chunks of 131072 at 0, stride 131072
2026-06-29 14:05:45,254 - INFO - Starting direct file download in chunks of 131072 at 0, stride 131072
2026-06-29 14:05:48,682 - INFO - Starting direct file download in chunks of 131072 at 0, stride 131072
2026-06-29 14:05:51,220 - INFO - Starting direct file download in chunks of 131072 at 0, stride 131072
2026-06-29 14:06:10,793 - INFO - Starting direct file download in chunks of 131072 at 0, stride 131072
2026-06-29 14:06:20,040 - INFO - Starting direct file download in chunks of 131072 at 0, stride 131072
2026-06-29 14:06:27,095 - INFO - Starting direct file download in chunks of 131072 at 0, stride 131072
2026-06-29 14:06:39,923 - INFO - Starting direct file download in chunks of 131072 at 0, stride 131072
2026-06-29 14:06:44,475 - INFO - Got difference for channel 1792692394 updates
2026-06-29 14:06:45,555 - INFO - Starting direct file download in chunks of 131072 at 0, stride 131072
2026-06-29 14:06:54,429 - INFO - Starting direct file download in chunks of 131072 at 0, stride 131072
2026-06-29 14:06:56,988 - INFO - Starting direct file download in chunks of 131072 at 0, stride 131072
2026-06-29 14:07:00,909 - INFO - Starting direct file download in chunks of 131072 at 0, stride 131072
2026-06-29 14:07:05,538 - INFO - Starting direct file download in chunks of 131072 at 0, stride 131072
2026-06-29 14:07:07,385 - INFO - Starting direct file download in chunks of 131072 at 0, stride 131072
2026-06-29 14:07:10,772 - INFO - Starting direct file download in chunks of 131072 at 0, stride 131072
2026-06-29 14:07:12,118 - INFO - Starting direct file download in chunks of 131072 at 0, stride 131072
2026-06-29 14:07:13,105 - INFO - Starting direct file download in chunks of 131072 at 0, stride 131072
2026-06-29 14:07:14,799 - INFO - Starting direct file download in chunks of 131072 at 0, stride 131072
2026-06-29 14:07:16,483 - INFO - Starting direct file download in chunks of 131072 at 0, stride 131072
2026-06-29 14:07:17,894 - INFO - Starting direct file download in chunks of 131072 at 0, stride 131072
2026-06-29 14:07:20,184 - INFO - Starting direct file download in chunks of 131072 at 0, stride 131072
2026-06-29 14:07:46,658 - INFO - Starting direct file download in chunks of 131072 at 0, stride 131072
2026-06-29 14:07:48,116 - INFO - Starting direct file download in chunks of 131072 at 0, stride 131072
2026-06-29 14:07:52,105 - INFO - Starting direct file download in chunks of 131072 at 0, stride 131072
2026-06-29 14:07:55,602 - INFO - Starting direct file download in chunks of 131072 at 0, stride 131072
2026-06-29 14:07:56,344 - INFO - Starting direct file download in chunks of 131072 at 0, stride 131072
2026-06-29 14:07:59,823 - INFO - Starting direct file download in chunks of 131072 at 0, stride 131072
2026-06-29 14:08:01,733 - INFO - Starting direct file download in chunks of 131072 at 0, stride 131072
2026-06-29 14:08:05,174 - INFO - Starting direct file download in chunks of 131072 at 0, stride 131072
2026-06-29 14:08:12,017 - INFO - Starting direct file download in chunks of 131072 at 0, stride 131072
2026-06-29 14:08:33,428 - INFO - Starting direct file download in chunks of 131072 at 0, stride 131072
2026-06-29 14:08:47,658 - INFO - Starting direct file download in chunks of 131072 at 0, stride 131072
2026-06-29 14:08:47,670 - INFO - Got difference for channel 1101378903 updates
2026-06-29 14:08:51,507 - INFO - Starting direct file download in chunks of 131072 at 0, stride 131072
2026-06-29 14:08:56,304 - INFO - Starting direct file download in chunks of 131072 at 0, stride 131072
2026-06-29 14:09:03,499 - INFO - Starting direct file download in chunks of 131072 at 0, stride 131072
2026-06-29 14:09:08,153 - INFO - Starting direct file download in chunks of 131072 at 0, stride 131072
2026-06-29 14:09:13,044 - INFO - Starting direct file download in chunks of 131072 at 0, stride 131072
2026-06-29 14:09:16,304 - INFO - Starting direct file download in chunks of 131072 at 0, stride 131072
2026-06-29 14:09:19,680 - INFO - Starting direct file download in chunks of 131072 at 0, stride 131072
2026-06-29 14:09:29,705 - INFO - Starting direct file download in chunks of 131072 at 0, stride 131072
2026-06-29 14:09:31,775 - INFO - Starting direct file download in chunks of 131072 at 0, stride 131072
2026-06-29 14:09:46,022 - INFO - Starting direct file download in chunks of 131072 at 0, stride 131072
2026-06-29 14:09:46,586 - INFO - Starting direct file download in chunks of 131072 at 0, stride 131072
2026-06-29 14:09:47,900 - INFO - Starting direct file download in chunks of 131072 at 0, stride 131072
2026-06-29 14:09:49,388 - INFO - Starting direct file download in chunks of 131072 at 0, stride 131072
2026-06-29 14:09:51,202 - INFO - Starting direct file download in chunks of 131072 at 0, stride 131072
2026-06-29 14:09:53,010 - INFO - Starting direct file download in chunks of 131072 at 0, stride 131072
2026-06-29 14:09:55,358 - INFO - Starting direct file download in chunks of 131072 at 0, stride 131072
2026-06-29 14:09:57,078 - INFO - Starting direct file download in chunks of 131072 at 0, stride 131072
2026-06-29 14:10:00,224 - INFO - Starting direct file download in chunks of 131072 at 0, stride 131072
2026-06-29 14:10:02,085 - INFO - Starting direct file download in chunks of 131072 at 0, stride 131072
2026-06-29 14:10:04,701 - INFO - Starting direct file download in chunks of 131072 at 0, stride 131072
2026-06-29 14:10:05,901 - INFO - Starting direct file download in chunks of 131072 at 0, stride 131072
2026-06-29 14:10:07,876 - INFO - Starting direct file download in chunks of 131072 at 0, stride 131072
2026-06-29 14:10:08,274 - INFO - Starting direct file download in chunks of 131072 at 0, stride 131072
2026-06-29 14:10:09,479 - INFO - Starting direct file download in chunks of 131072 at 0, stride 131072
2026-06-29 14:10:11,400 - INFO - Starting direct file download in chunks of 131072 at 0, stride 131072
2026-06-29 14:10:13,388 - INFO - Starting direct file download in chunks of 131072 at 0, stride 131072
2026-06-29 14:10:15,600 - INFO - Starting direct file download in chunks of 131072 at 0, stride 131072
2026-06-29 14:10:17,539 - INFO - Starting direct file download in chunks of 131072 at 0, stride 131072
2026-06-29 14:10:18,885 - INFO - Starting direct file download in chunks of 131072 at 0, stride 131072
2026-06-29 14:10:20,513 - INFO - Starting direct file download in chunks of 131072 at 0, stride 131072
2026-06-29 14:10:32,277 - INFO - Starting direct file download in chunks of 131072 at 0, stride 131072
2026-06-29 14:10:34,657 - INFO - Starting direct file download in chunks of 131072 at 0, stride 131072
2026-06-29 14:10:36,326 - INFO - Starting direct file download in chunks of 131072 at 0, stride 131072
2026-06-29 14:11:23,324 - INFO - Starting direct file download in chunks of 131072 at 0, stride 131072
2026-06-29 14:11:31,885 - INFO - Starting direct file download in chunks of 131072 at 0, stride 131072
2026-06-29 14:11:35,006 - INFO - Starting direct file download in chunks of 131072 at 0, stride 131072
2026-06-29 14:11:36,937 - INFO - Starting direct file download in chunks of 131072 at 0, stride 131072
2026-06-29 14:11:38,954 - INFO - Starting direct file download in chunks of 131072 at 0, stride 131072
2026-06-29 14:11:45,295 - INFO - Starting direct file download in chunks of 131072 at 0, stride 131072
2026-06-29 14:11:53,599 - INFO - Starting direct file download in chunks of 131072 at 0, stride 131072
2026-06-29 14:11:58,505 - INFO - Starting direct file download in chunks of 131072 at 0, stride 131072
2026-06-29 14:12:06,000 - INFO - Starting direct file download in chunks of 131072 at 0, stride 131072
2026-06-29 14:12:17,766 - INFO - Starting direct file download in chunks of 131072 at 0, stride 131072
2026-06-29 14:12:23,678 - INFO - Starting direct file download in chunks of 131072 at 0, stride 131072
2026-06-29 14:12:30,129 - INFO - Starting direct file download in chunks of 131072 at 0, stride 131072
2026-06-29 14:12:34,749 - INFO - Starting direct file download in chunks of 131072 at 0, stride 131072
2026-06-29 14:12:43,281 - INFO - Starting direct file download in chunks of 131072 at 0, stride 131072
2026-06-29 14:12:52,585 - INFO - Starting direct file download in chunks of 131072 at 0, stride 131072
2026-06-29 14:13:04,530 - INFO - Starting direct file download in chunks of 131072 at 0, stride 131072
2026-06-29 14:13:21,918 - INFO - Starting direct file download in chunks of 131072 at 0, stride 131072
2026-06-29 14:13:37,305 - INFO - Starting direct file download in chunks of 131072 at 0, stride 131072
2026-06-29 14:14:13,016 - INFO - Starting direct file download in chunks of 131072 at 0, stride 131072
2026-06-29 14:14:26,356 - INFO - Starting direct file download in chunks of 131072 at 0, stride 131072
2026-06-29 14:14:34,615 - INFO - Starting direct file download in chunks of 131072 at 0, stride 131072
2026-06-29 14:14:36,527 - INFO - Starting direct file download in chunks of 131072 at 0, stride 131072
2026-06-29 14:14:37,068 - INFO - Starting direct file download in chunks of 131072 at 0, stride 131072
2026-06-29 14:14:39,068 - INFO - Starting direct file download in chunks of 131072 at 0, stride 131072
2026-06-29 14:14:40,690 - INFO - Starting direct file download in chunks of 131072 at 0, stride 131072
2026-06-29 14:14:43,185 - INFO - Starting direct file download in chunks of 131072 at 0, stride 131072
2026-06-29 14:14:45,989 - INFO - Starting direct file download in chunks of 131072 at 0, stride 131072
2026-06-29 14:14:48,655 - INFO - Starting direct file download in chunks of 131072 at 0, stride 131072
2026-06-29 14:14:52,205 - INFO - Starting direct file download in chunks of 131072 at 0, stride 131072
2026-06-29 14:14:53,693 - INFO - Starting direct file download in chunks of 131072 at 0, stride 131072
2026-06-29 14:14:55,817 - INFO - Starting direct file download in chunks of 131072 at 0, stride 131072
2026-06-29 14:14:57,542 - INFO - Starting direct file download in chunks of 131072 at 0, stride 131072
2026-06-29 14:14:59,921 - INFO - Starting direct file download in chunks of 131072 at 0, stride 131072
2026-06-29 14:15:02,237 - INFO - Starting direct file download in chunks of 131072 at 0, stride 131072
2026-06-29 14:15:05,182 - INFO - Starting direct file download in chunks of 131072 at 0, stride 131072
2026-06-29 14:15:08,322 - INFO - Starting direct file download in chunks of 131072 at 0, stride 131072
2026-06-29 14:15:10,931 - INFO - Starting direct file download in chunks of 131072 at 0, stride 131072
2026-06-29 14:15:11,547 - INFO - Starting direct file download in chunks of 131072 at 0, stride 131072
2026-06-29 14:15:12,339 - INFO - Starting direct file download in chunks of 131072 at 0, stride 131072
2026-06-29 14:15:14,657 - INFO - Starting direct file download in chunks of 131072 at 0, stride 131072
2026-06-29 14:15:17,127 - INFO - Starting direct file download in chunks of 131072 at 0, stride 131072
2026-06-29 14:15:18,795 - INFO - Starting direct file download in chunks of 131072 at 0, stride 131072
2026-06-29 14:15:20,883 - INFO - Starting direct file download in chunks of 131072 at 0, stride 131072
2026-06-29 14:15:22,563 - INFO - Starting direct file download in chunks of 131072 at 0, stride 131072
2026-06-29 14:15:24,457 - INFO - Starting direct file download in chunks of 131072 at 0, stride 131072
2026-06-29 14:15:26,410 - INFO - Starting direct file download in chunks of 131072 at 0, stride 131072
2026-06-29 14:15:28,553 - INFO - Starting direct file download in chunks of 131072 at 0, stride 131072
2026-06-29 14:15:30,579 - INFO - Starting direct file download in chunks of 131072 at 0, stride 131072
2026-06-29 14:15:31,770 - INFO - Starting direct file download in chunks of 131072 at 0, stride 131072
2026-06-29 14:15:33,267 - INFO - Starting direct file download in chunks of 131072 at 0, stride 131072
2026-06-29 14:15:34,744 - INFO - Starting direct file download in chunks of 131072 at 0, stride 131072
2026-06-29 14:15:36,185 - INFO - Starting direct file download in chunks of 131072 at 0, stride 131072
2026-06-29 14:15:38,446 - INFO - Starting direct file download in chunks of 131072 at 0, stride 131072
2026-06-29 14:15:40,071 - INFO - Starting direct file download in chunks of 131072 at 0, stride 131072
2026-06-29 14:15:41,722 - INFO - Starting direct file download in chunks of 131072 at 0, stride 131072
2026-06-29 14:15:43,955 - INFO - Starting direct file download in chunks of 131072 at 0, stride 131072
2026-06-29 14:15:45,697 - INFO - Starting direct file download in chunks of 131072 at 0, stride 131072
2026-06-29 14:15:47,219 - INFO - Starting direct file download in chunks of 131072 at 0, stride 131072
2026-06-29 14:15:48,716 - INFO - Starting direct file download in chunks of 131072 at 0, stride 131072
2026-06-29 14:15:53,966 - INFO - Starting direct file download in chunks of 131072 at 0, stride 131072
2026-06-29 14:16:02,219 - INFO - Starting direct file download in chunks of 131072 at 0, stride 131072
2026-06-29 14:16:10,868 - INFO - Starting direct file download in chunks of 131072 at 0, stride 131072
2026-06-29 14:16:22,560 - INFO - Starting direct file download in chunks of 131072 at 0, stride 131072
2026-06-29 14:16:25,667 - INFO - Starting direct file download in chunks of 131072 at 0, stride 131072
2026-06-29 14:16:27,946 - INFO - Starting direct file download in chunks of 131072 at 0, stride 131072
2026-06-29 14:16:30,472 - INFO - Starting direct file download in chunks of 131072 at 0, stride 131072
2026-06-29 14:16:33,541 - INFO - Starting direct file download in chunks of 131072 at 0, stride 131072
2026-06-29 14:16:35,154 - INFO - Starting direct file download in chunks of 131072 at 0, stride 131072
2026-06-29 14:16:36,925 - INFO - Starting direct file download in chunks of 131072 at 0, stride 131072
2026-06-29 14:16:37,573 - INFO - Starting direct file download in chunks of 131072 at 0, stride 131072
2026-06-29 14:16:38,640 - INFO - Starting direct file download in chunks of 131072 at 0, stride 131072
2026-06-29 14:16:40,598 - INFO - Starting direct file download in chunks of 131072 at 0, stride 131072
2026-06-29 14:16:41,282 - INFO - Starting direct file download in chunks of 131072 at 0, stride 131072
2026-06-29 14:16:42,190 - INFO - Starting direct file download in chunks of 131072 at 0, stride 131072
2026-06-29 14:16:43,722 - INFO - Starting direct file download in chunks of 131072 at 0, stride 131072
2026-06-29 14:16:58,929 - INFO - Starting direct file download in chunks of 131072 at 0, stride 131072
2026-06-29 14:17:09,746 - INFO - Starting direct file download in chunks of 131072 at 0, stride 131072
2026-06-29 14:17:13,087 - INFO - Starting direct file download in chunks of 131072 at 0, stride 131072
2026-06-29 14:17:16,247 - INFO - Starting direct file download in chunks of 131072 at 0, stride 131072
2026-06-29 14:17:19,267 - INFO - Starting direct file download in chunks of 131072 at 0, stride 131072
2026-06-29 14:17:20,992 - INFO - Starting direct file download in chunks of 131072 at 0, stride 131072
2026-06-29 14:17:22,251 - INFO - Starting direct file download in chunks of 131072 at 0, stride 131072
2026-06-29 14:17:42,650 - INFO - Starting direct file download in chunks of 131072 at 0, stride 131072
2026-06-29 14:17:45,950 - INFO - Starting direct file download in chunks of 131072 at 0, stride 131072
2026-06-29 14:17:52,091 - INFO - Starting direct file download in chunks of 131072 at 0, stride 131072
2026-06-29 14:18:31,665 - INFO - Starting direct file download in chunks of 131072 at 0, stride 131072
2026-06-29 14:18:33,121 - INFO - Starting direct file download in chunks of 131072 at 0, stride 131072
2026-06-29 14:21:19,140 - INFO - Starting direct file download in chunks of 131072 at 0, stride 131072
2026-06-29 14:21:31,332 - INFO - Starting direct file download in chunks of 131072 at 0, stride 131072
2026-06-29 14:21:34,036 - INFO - Starting direct file download in chunks of 131072 at 0, stride 131072
2026-06-29 14:21:37,460 - INFO - Starting direct file download in chunks of 131072 at 0, stride 131072
2026-06-29 14:21:40,019 - INFO - Starting direct file download in chunks of 131072 at 0, stride 131072
2026-06-29 14:21:43,869 - INFO - Starting direct file download in chunks of 131072 at 0, stride 131072
2026-06-29 14:21:45,248 - INFO - Starting direct file download in chunks of 131072 at 0, stride 131072
2026-06-29 14:21:47,653 - INFO - Starting direct file download in chunks of 131072 at 0, stride 131072
2026-06-29 14:22:06,961 - INFO - Starting direct file download in chunks of 131072 at 0, stride 131072
2026-06-29 14:22:18,374 - INFO - Starting direct file download in chunks of 131072 at 0, stride 131072
2026-06-29 14:22:21,744 - INFO - Starting direct file download in chunks of 131072 at 0, stride 131072
2026-06-29 14:22:25,386 - INFO - Starting direct file download in chunks of 131072 at 0, stride 131072
2026-06-29 14:22:30,103 - INFO - Starting direct file download in chunks of 131072 at 0, stride 131072
2026-06-29 14:22:33,876 - INFO - Starting direct file download in chunks of 131072 at 0, stride 131072
2026-06-29 14:22:35,837 - INFO - Starting direct file download in chunks of 131072 at 0, stride 131072
2026-06-29 14:22:39,621 - INFO - Starting direct file download in chunks of 131072 at 0, stride 131072
2026-06-29 14:22:42,105 - INFO - Starting direct file download in chunks of 131072 at 0, stride 131072
2026-06-29 14:22:43,512 - INFO - Starting direct file download in chunks of 131072 at 0, stride 131072
2026-06-29 14:22:45,525 - INFO - Starting direct file download in chunks of 131072 at 0, stride 131072
2026-06-29 14:22:49,136 - INFO - Starting direct file download in chunks of 131072 at 0, stride 131072
2026-06-29 14:22:51,644 - INFO - Starting direct file download in chunks of 131072 at 0, stride 131072
2026-06-29 14:22:52,991 - INFO - Starting direct file download in chunks of 131072 at 0, stride 131072
2026-06-29 14:22:53,890 - INFO - Starting direct file download in chunks of 131072 at 0, stride 131072
2026-06-29 14:22:56,173 - INFO - Starting direct file download in chunks of 131072 at 0, stride 131072
2026-06-29 14:22:58,857 - INFO - Starting direct file download in chunks of 131072 at 0, stride 131072
2026-06-29 14:23:01,105 - INFO - Starting direct file download in chunks of 131072 at 0, stride 131072
2026-06-29 14:23:03,135 - INFO - Starting direct file download in chunks of 131072 at 0, stride 131072
2026-06-29 14:23:06,970 - INFO - Starting direct file download in chunks of 131072 at 0, stride 131072
2026-06-29 14:23:10,583 - INFO - Starting direct file download in chunks of 131072 at 0, stride 131072
2026-06-29 14:23:13,516 - INFO - Starting direct file download in chunks of 131072 at 0, stride 131072
2026-06-29 14:23:17,159 - INFO - Starting direct file download in chunks of 131072 at 0, stride 131072
2026-06-29 14:23:20,966 - INFO - Starting direct file download in chunks of 131072 at 0, stride 131072
2026-06-29 14:23:23,981 - INFO - Starting direct file download in chunks of 131072 at 0, stride 131072
2026-06-29 14:23:27,143 - INFO - Starting direct file download in chunks of 131072 at 0, stride 131072
2026-06-29 14:23:27,788 - INFO - Starting direct file download in chunks of 131072 at 0, stride 131072
2026-06-29 14:23:28,260 - INFO - Starting direct file download in chunks of 131072 at 0, stride 131072
2026-06-29 14:23:28,742 - INFO - Starting direct file download in chunks of 131072 at 0, stride 131072
2026-06-29 14:23:31,183 - INFO - Starting direct file download in chunks of 131072 at 0, stride 131072
2026-06-29 14:23:33,474 - INFO - Starting direct file download in chunks of 131072 at 0, stride 131072
2026-06-29 14:23:36,042 - INFO - Starting direct file download in chunks of 131072 at 0, stride 131072
2026-06-29 14:23:37,723 - INFO - Starting direct file download in chunks of 131072 at 0, stride 131072
2026-06-29 14:23:40,582 - INFO - Starting direct file download in chunks of 131072 at 0, stride 131072
2026-06-29 14:23:41,852 - INFO - Starting direct file download in chunks of 131072 at 0, stride 131072
2026-06-29 14:23:43,655 - INFO - Starting direct file download in chunks of 131072 at 0, stride 131072
2026-06-29 14:23:46,831 - INFO - Starting direct file download in chunks of 131072 at 0, stride 131072
2026-06-29 14:23:51,222 - INFO - Starting direct file download in chunks of 131072 at 0, stride 131072
2026-06-29 14:23:55,755 - INFO - Starting direct file download in chunks of 131072 at 0, stride 131072
2026-06-29 14:23:59,678 - INFO - Starting direct file download in chunks of 131072 at 0, stride 131072
2026-06-29 14:24:03,679 - INFO - Starting direct file download in chunks of 131072 at 0, stride 131072
2026-06-29 14:24:08,610 - INFO - Starting direct file download in chunks of 131072 at 0, stride 131072
2026-06-29 14:24:10,672 - INFO - Starting direct file download in chunks of 131072 at 0, stride 131072
2026-06-29 14:24:13,294 - INFO - Starting direct file download in chunks of 131072 at 0, stride 131072
2026-06-29 14:24:15,940 - INFO - Starting direct file download in chunks of 131072 at 0, stride 131072
2026-06-29 14:24:19,655 - INFO - Starting direct file download in chunks of 131072 at 0, stride 131072
2026-06-29 14:24:23,988 - INFO - Starting direct file download in chunks of 131072 at 0, stride 131072
2026-06-29 14:24:25,892 - INFO - Starting direct file download in chunks of 131072 at 0, stride 131072
2026-06-29 14:24:39,698 - INFO - Starting direct file download in chunks of 131072 at 0, stride 131072
2026-06-29 14:24:42,215 - INFO - Starting direct file download in chunks of 131072 at 0, stride 131072
2026-06-29 14:24:46,192 - INFO - Starting direct file download in chunks of 131072 at 0, stride 131072
2026-06-29 14:24:49,484 - INFO - Starting direct file download in chunks of 131072 at 0, stride 131072
2026-06-29 14:24:52,510 - INFO - Starting direct file download in chunks of 131072 at 0, stride 131072
2026-06-29 14:24:54,704 - INFO - Starting direct file download in chunks of 131072 at 0, stride 131072
2026-06-29 14:24:58,296 - INFO - Starting direct file download in chunks of 131072 at 0, stride 131072
2026-06-29 14:24:59,173 - INFO - Starting direct file download in chunks of 131072 at 0, stride 131072
2026-06-29 14:25:00,516 - INFO - Starting direct file download in chunks of 131072 at 0, stride 131072
2026-06-29 14:25:03,508 - INFO - Starting direct file download in chunks of 131072 at 0, stride 131072
2026-06-29 14:25:05,388 - INFO - Starting direct file download in chunks of 131072 at 0, stride 131072
2026-06-29 14:25:07,429 - INFO - Starting direct file download in chunks of 131072 at 0, stride 131072
2026-06-29 14:25:08,786 - INFO - Starting direct file download in chunks of 131072 at 0, stride 131072
2026-06-29 14:25:10,356 - INFO - Starting direct file download in chunks of 131072 at 0, stride 131072
2026-06-29 14:25:12,242 - INFO - Starting direct file download in chunks of 131072 at 0, stride 131072
2026-06-29 14:25:14,137 - INFO - Starting direct file download in chunks of 131072 at 0, stride 131072
2026-06-29 14:25:16,813 - INFO - Starting direct file download in chunks of 131072 at 0, stride 131072
2026-06-29 14:25:18,925 - INFO - Starting direct file download in chunks of 131072 at 0, stride 131072
2026-06-29 14:25:30,399 - INFO - Starting direct file download in chunks of 131072 at 0, stride 131072
2026-06-29 14:25:33,382 - INFO - Starting direct file download in chunks of 131072 at 0, stride 131072
2026-06-29 14:25:35,481 - INFO - Starting direct file download in chunks of 131072 at 0, stride 131072
2026-06-29 14:25:36,990 - INFO - Starting direct file download in chunks of 131072 at 0, stride 131072
2026-06-29 14:25:52,153 - INFO - Starting direct file download in chunks of 131072 at 0, stride 131072
2026-06-29 14:25:55,392 - INFO - Starting direct file download in chunks of 131072 at 0, stride 131072
